# JRE version: Java(TM) SE Runtime Environment (8.0_45-b15) (build 1.8.0_45-b15)
# Java VM: Java HotSpot(TM) 64-Bit Server VM (25.45-b02 mixed mode windows-amd64 compressed oops)
Heap:
 PSYoungGen      total 117760K, used 91162K [0x00000000f5580000, 0x00000000ff200000, 0x0000000100000000)
  eden space 90624K, 72% used [0x00000000f5580000,0x00000000f95cd9f0,0x00000000fae00000)
  from space 27136K, 93% used [0x00000000fae00000,0x00000000fc6b9028,0x00000000fc880000)
  to   space 30720K, 0% used [0x00000000fd400000,0x00000000fd400000,0x00000000ff200000)
 ParOldGen       total 104448K, used 45073K [0x00000000e0000000, 0x00000000e6600000, 0x00000000f5580000)
  object space 104448K, 43% used [0x00000000e0000000,0x00000000e2c04778,0x00000000e6600000)
 Metaspace       used 86164K, capacity 92906K, committed 93184K, reserved 1130496K
  class space    used 10779K, capacity 12797K, committed 12800K, reserved 1048576K
GC Heap History (10 events):
Event: 3.514 GC heap before
{Heap before GC invocations=12 (full 3):
 PSYoungGen      total 86528K, used 17386K [0x00000000f5580000, 0x00000000fd200000, 0x0000000100000000)
  eden space 69120K, 0% used [0x00000000f5580000,0x00000000f5580000,0x00000000f9900000)
  from space 17408K, 99% used [0x00000000f9900000,0x00000000fa9faab0,0x00000000faa00000)
  to   space 21504K, 0% used [0x00000000fbd00000,0x00000000fbd00000,0x00000000fd200000)
 ParOldGen       total 73216K, used 31303K [0x00000000e0000000, 0x00000000e4780000, 0x00000000f5580000)
  object space 73216K, 42% used [0x00000000e0000000,0x00000000e1e91c88,0x00000000e4780000)
 Metaspace       used 54497K, capacity 59082K, committed 59160K, reserved 1099776K
  class space    used 6648K, capacity 8048K, committed 8064K, reserved 1048576K
Event: 3.626 GC heap after
Heap after GC invocations=12 (full 3):
 PSYoungGen      total 86528K, used 0K [0x00000000f5580000, 0x00000000fd200000, 0x0000000100000000)
  eden space 69120K, 0% used [0x00000000f5580000,0x00000000f5580000,0x00000000f9900000)
  from space 17408K, 0% used [0x00000000f9900000,0x00000000f9900000,0x00000000faa00000)
  to   space 21504K, 0% used [0x00000000fbd00000,0x00000000fbd00000,0x00000000fd200000)
 ParOldGen       total 104448K, used 42581K [0x00000000e0000000, 0x00000000e6600000, 0x00000000f5580000)
  object space 104448K, 40% used [0x00000000e0000000,0x00000000e2995798,0x00000000e6600000)
 Metaspace       used 54497K, capacity 59082K, committed 59160K, reserved 1099776K
  class space    used 6648K, capacity 8048K, committed 8064K, reserved 1048576K
}
Event: 4.223 GC heap before
{Heap before GC invocations=13 (full 3):
 PSYoungGen      total 86528K, used 69120K [0x00000000f5580000, 0x00000000fd200000, 0x0000000100000000)
  eden space 69120K, 100% used [0x00000000f5580000,0x00000000f9900000,0x00000000f9900000)
  from space 17408K, 0% used [0x00000000f9900000,0x00000000f9900000,0x00000000faa00000)
  to   space 21504K, 0% used [0x00000000fbd00000,0x00000000fbd00000,0x00000000fd200000)
 ParOldGen       total 104448K, used 42581K [0x00000000e0000000, 0x00000000e6600000, 0x00000000f5580000)
  object space 104448K, 40% used [0x00000000e0000000,0x00000000e2995798,0x00000000e6600000)
 Metaspace       used 62213K, capacity 67534K, committed 67712K, reserved 1107968K
  class space    used 7762K, capacity 9274K, committed 9344K, reserved 1048576K
Event: 4.231 GC heap after
Heap after GC invocations=13 (full 3):
 PSYoungGen      total 99840K, used 13579K [0x00000000f5580000, 0x00000000fcf00000, 0x0000000100000000)
  eden space 81408K, 0% used [0x00000000f5580000,0x00000000f5580000,0x00000000fa500000)
  from space 18432K, 73% used [0x00000000fbd00000,0x00000000fca42cc8,0x00000000fcf00000)
  to   space 21504K, 0% used [0x00000000fa500000,0x00000000fa500000,0x00000000fba00000)
 ParOldGen       total 104448K, used 42589K [0x00000000e0000000, 0x00000000e6600000, 0x00000000f5580000)
  object space 104448K, 40% used [0x00000000e0000000,0x00000000e2997798,0x00000000e6600000)
 Metaspace       used 62213K, capacity 67534K, committed 67712K, reserved 1107968K
  class space    used 7762K, capacity 9274K, committed 9344K, reserved 1048576K
}
Event: 22.393 GC heap before
{Heap before GC invocations=14 (full 3):
 PSYoungGen      total 99840K, used 94987K [0x00000000f5580000, 0x00000000fcf00000, 0x0000000100000000)
  eden space 81408K, 100% used [0x00000000f5580000,0x00000000fa500000,0x00000000fa500000)
  from space 18432K, 73% used [0x00000000fbd00000,0x00000000fca42cc8,0x00000000fcf00000)
  to   space 21504K, 0% used [0x00000000fa500000,0x00000000fa500000,0x00000000fba00000)
 ParOldGen       total 104448K, used 42589K [0x00000000e0000000, 0x00000000e6600000, 0x00000000f5580000)
  object space 104448K, 40% used [0x00000000e0000000,0x00000000e2997798,0x00000000e6600000)
 Metaspace       used 73208K, capacity 79562K, committed 79744K, reserved 1118208K
  class space    used 9149K, capacity 11129K, committed 11136K, reserved 1048576K
Event: 22.408 GC heap after
Heap after GC invocations=14 (full 3):
 PSYoungGen      total 102912K, used 21502K [0x00000000f5580000, 0x00000000fe280000, 0x0000000100000000)
  eden space 81408K, 0% used [0x00000000f5580000,0x00000000f5580000,0x00000000fa500000)
  from space 21504K, 99% used [0x00000000fa500000,0x00000000fb9ffb90,0x00000000fba00000)
  to   space 25600K, 0% used [0x00000000fc980000,0x00000000fc980000,0x00000000fe280000)
 ParOldGen       total 104448K, used 45057K [0x00000000e0000000, 0x00000000e6600000, 0x00000000f5580000)
  object space 104448K, 43% used [0x00000000e0000000,0x00000000e2c00778,0x00000000e6600000)
 Metaspace       used 73208K, capacity 79562K, committed 79744K, reserved 1118208K
  class space    used 9149K, capacity 11129K, committed 11136K, reserved 1048576K
}
Event: 39.501 GC heap before
{Heap before GC invocations=15 (full 3):
 PSYoungGen      total 102912K, used 102910K [0x00000000f5580000, 0x00000000fe280000, 0x0000000100000000)
  eden space 81408K, 100% used [0x00000000f5580000,0x00000000fa500000,0x00000000fa500000)
  from space 21504K, 99% used [0x00000000fa500000,0x00000000fb9ffb90,0x00000000fba00000)
  to   space 25600K, 0% used [0x00000000fc980000,0x00000000fc980000,0x00000000fe280000)
 ParOldGen       total 104448K, used 45057K [0x00000000e0000000, 0x00000000e6600000, 0x00000000f5580000)
  object space 104448K, 43% used [0x00000000e0000000,0x00000000e2c00778,0x00000000e6600000)
 Metaspace       used 77195K, capacity 83878K, committed 84096K, reserved 1122304K
  class space    used 9654K, capacity 11796K, committed 11904K, reserved 1048576K
Event: 39.512 GC heap after
Heap after GC invocations=15 (full 3):
 PSYoungGen      total 116224K, used 20534K [0x00000000f5580000, 0x00000000fe300000, 0x0000000100000000)
  eden space 90624K, 0% used [0x00000000f5580000,0x00000000f5580000,0x00000000fae00000)
  from space 25600K, 80% used [0x00000000fc980000,0x00000000fdd8dbd8,0x00000000fe280000)
  to   space 27136K, 0% used [0x00000000fae00000,0x00000000fae00000,0x00000000fc880000)
 ParOldGen       total 104448K, used 45065K [0x00000000e0000000, 0x00000000e6600000, 0x00000000f5580000)
  object space 104448K, 43% used [0x00000000e0000000,0x00000000e2c02778,0x00000000e6600000)
 Metaspace       used 77195K, capacity 83878K, committed 84096K, reserved 1122304K
  class space    used 9654K, capacity 11796K, committed 11904K, reserved 1048576K
}
Event: 77.810 GC heap before
{Heap before GC invocations=16 (full 3):
 PSYoungGen      total 116224K, used 111158K [0x00000000f5580000, 0x00000000fe300000, 0x0000000100000000)
  eden space 90624K, 100% used [0x00000000f5580000,0x00000000fae00000,0x00000000fae00000)
  from space 25600K, 80% used [0x00000000fc980000,0x00000000fdd8dbd8,0x00000000fe280000)
  to   space 27136K, 0% used [0x00000000fae00000,0x00000000fae00000,0x00000000fc880000)
 ParOldGen       total 104448K, used 45065K [0x00000000e0000000, 0x00000000e6600000, 0x00000000f5580000)
  object space 104448K, 43% used [0x00000000e0000000,0x00000000e2c02778,0x00000000e6600000)
 Metaspace       used 81368K, capacity 87928K, committed 88064K, reserved 1124352K
  class space    used 10192K, capacity 12247K, committed 12288K, reserved 1048576K
Event: 77.828 GC heap after
Heap after GC invocations=16 (full 3):
 PSYoungGen      total 117760K, used 25316K [0x00000000f5580000, 0x00000000ff200000, 0x0000000100000000)
  eden space 90624K, 0% used [0x00000000f5580000,0x00000000f5580000,0x00000000fae00000)
  from space 27136K, 93% used [0x00000000fae00000,0x00000000fc6b9028,0x00000000fc880000)
  to   space 30720K, 0% used [0x00000000fd400000,0x00000000fd400000,0x00000000ff200000)
 ParOldGen       total 104448K, used 45073K [0x00000000e0000000, 0x00000000e6600000, 0x00000000f5580000)
  object space 104448K, 43% used [0x00000000e0000000,0x00000000e2c04778,0x00000000e6600000)
 Metaspace       used 81368K, capacity 87928K, committed 88064K, reserved 1124352K
  class space    used 10192K, capacity 12247K, committed 12288K, reserved 1048576K
}

