# JRE version: Java(TM) SE Runtime Environment (8.0_45-b15) (build 1.8.0_45-b15)
# Java VM: Java HotSpot(TM) 64-Bit Server VM (25.45-b02 mixed mode windows-amd64 compressed oops)
Heap:
 PSYoungGen      total 76800K, used 70789K [0x00000000f5580000, 0x00000000fc680000, 0x0000000100000000)
  eden space 44032K, 97% used [0x00000000f5580000,0x00000000f7f6b0f8,0x00000000f8080000)
  from space 32768K, 85% used [0x00000000f8100000,0x00000000f9c36418,0x00000000fa100000)
  to   space 35840K, 0% used [0x00000000fa380000,0x00000000fa380000,0x00000000fc680000)
 ParOldGen       total 106496K, used 35576K [0x00000000e0000000, 0x00000000e6800000, 0x00000000f5580000)
  object space 106496K, 33% used [0x00000000e0000000,0x00000000e22be060,0x00000000e6800000)
 Metaspace       used 82924K, capacity 89250K, committed 89472K, reserved 1126400K
  class space    used 10330K, capacity 12323K, committed 12416K, reserved 1048576K
GC Heap History (10 events):
Event: 19.964 GC heap before
{Heap before GC invocations=20 (full 3):
 PSYoungGen      total 69120K, used 66179K [0x00000000f5580000, 0x00000000fb480000, 0x0000000100000000)
  eden space 47616K, 100% used [0x00000000f5580000,0x00000000f8400000,0x00000000f8400000)
  from space 21504K, 86% used [0x00000000f9b00000,0x00000000fad20eb8,0x00000000fb000000)
  to   space 23552K, 0% used [0x00000000f8400000,0x00000000f8400000,0x00000000f9b00000)
 ParOldGen       total 106496K, used 35517K [0x00000000e0000000, 0x00000000e6800000, 0x00000000f5580000)
  object space 106496K, 33% used [0x00000000e0000000,0x00000000e22af410,0x00000000e6800000)
 Metaspace       used 73037K, capacity 78924K, committed 79232K, reserved 1118208K
  class space    used 9150K, capacity 11019K, committed 11136K, reserved 1048576K
Event: 19.971 GC heap after
Heap after GC invocations=20 (full 3):
 PSYoungGen      total 71168K, used 21140K [0x00000000f5580000, 0x00000000fba00000, 0x0000000100000000)
  eden space 47616K, 0% used [0x00000000f5580000,0x00000000f5580000,0x00000000f8400000)
  from space 23552K, 89% used [0x00000000f8400000,0x00000000f98a5160,0x00000000f9b00000)
  to   space 26112K, 0% used [0x00000000fa080000,0x00000000fa080000,0x00000000fba00000)
 ParOldGen       total 106496K, used 35544K [0x00000000e0000000, 0x00000000e6800000, 0x00000000f5580000)
  object space 106496K, 33% used [0x00000000e0000000,0x00000000e22b6060,0x00000000e6800000)
 Metaspace       used 73037K, capacity 78924K, committed 79232K, reserved 1118208K
  class space    used 9150K, capacity 11019K, committed 11136K, reserved 1048576K
}
Event: 118.105 GC heap before
{Heap before GC invocations=21 (full 3):
 PSYoungGen      total 71168K, used 68756K [0x00000000f5580000, 0x00000000fba00000, 0x0000000100000000)
  eden space 47616K, 100% used [0x00000000f5580000,0x00000000f8400000,0x00000000f8400000)
  from space 23552K, 89% used [0x00000000f8400000,0x00000000f98a5160,0x00000000f9b00000)
  to   space 26112K, 0% used [0x00000000fa080000,0x00000000fa080000,0x00000000fba00000)
 ParOldGen       total 106496K, used 35544K [0x00000000e0000000, 0x00000000e6800000, 0x00000000f5580000)
  object space 106496K, 33% used [0x00000000e0000000,0x00000000e22b6060,0x00000000e6800000)
 Metaspace       used 73736K, capacity 79436K, committed 79744K, reserved 1118208K
  class space    used 9175K, capacity 11019K, committed 11136K, reserved 1048576K
Event: 118.114 GC heap after
Heap after GC invocations=21 (full 3):
 PSYoungGen      total 74752K, used 21616K [0x00000000f5580000, 0x00000000fbd80000, 0x0000000100000000)
  eden space 48640K, 0% used [0x00000000f5580000,0x00000000f5580000,0x00000000f8500000)
  from space 26112K, 82% used [0x00000000fa080000,0x00000000fb59c248,0x00000000fba00000)
  to   space 28160K, 0% used [0x00000000f8500000,0x00000000f8500000,0x00000000fa080000)
 ParOldGen       total 106496K, used 35552K [0x00000000e0000000, 0x00000000e6800000, 0x00000000f5580000)
  object space 106496K, 33% used [0x00000000e0000000,0x00000000e22b8060,0x00000000e6800000)
 Metaspace       used 73736K, capacity 79436K, committed 79744K, reserved 1118208K
  class space    used 9175K, capacity 11019K, committed 11136K, reserved 1048576K
}
Event: 137.924 GC heap before
{Heap before GC invocations=22 (full 3):
 PSYoungGen      total 74752K, used 70256K [0x00000000f5580000, 0x00000000fbd80000, 0x0000000100000000)
  eden space 48640K, 100% used [0x00000000f5580000,0x00000000f8500000,0x00000000f8500000)
  from space 26112K, 82% used [0x00000000fa080000,0x00000000fb59c248,0x00000000fba00000)
  to   space 28160K, 0% used [0x00000000f8500000,0x00000000f8500000,0x00000000fa080000)
 ParOldGen       total 106496K, used 35552K [0x00000000e0000000, 0x00000000e6800000, 0x00000000f5580000)
  object space 106496K, 33% used [0x00000000e0000000,0x00000000e22b8060,0x00000000e6800000)
 Metaspace       used 74484K, capacity 80244K, committed 80512K, reserved 1118208K
  class space    used 9216K, capacity 11095K, committed 11136K, reserved 1048576K
Event: 137.931 GC heap after
Heap after GC invocations=22 (full 3):
 PSYoungGen      total 75776K, used 20904K [0x00000000f5580000, 0x00000000fbe00000, 0x0000000100000000)
  eden space 47616K, 0% used [0x00000000f5580000,0x00000000f5580000,0x00000000f8400000)
  from space 28160K, 74% used [0x00000000f8500000,0x00000000f996a1c0,0x00000000fa080000)
  to   space 29696K, 0% used [0x00000000fa100000,0x00000000fa100000,0x00000000fbe00000)
 ParOldGen       total 106496K, used 35560K [0x00000000e0000000, 0x00000000e6800000, 0x00000000f5580000)
  object space 106496K, 33% used [0x00000000e0000000,0x00000000e22ba060,0x00000000e6800000)
 Metaspace       used 74484K, capacity 80244K, committed 80512K, reserved 1118208K
  class space    used 9216K, capacity 11095K, committed 11136K, reserved 1048576K
}
Event: 170.571 GC heap before
{Heap before GC invocations=23 (full 3):
 PSYoungGen      total 75776K, used 68520K [0x00000000f5580000, 0x00000000fbe00000, 0x0000000100000000)
  eden space 47616K, 100% used [0x00000000f5580000,0x00000000f8400000,0x00000000f8400000)
  from space 28160K, 74% used [0x00000000f8500000,0x00000000f996a1c0,0x00000000fa080000)
  to   space 29696K, 0% used [0x00000000fa100000,0x00000000fa100000,0x00000000fbe00000)
 ParOldGen       total 106496K, used 35560K [0x00000000e0000000, 0x00000000e6800000, 0x00000000f5580000)
  object space 106496K, 33% used [0x00000000e0000000,0x00000000e22ba060,0x00000000e6800000)
 Metaspace       used 78210K, capacity 84260K, committed 84480K, reserved 1122304K
  class space    used 9701K, capacity 11673K, committed 11776K, reserved 1048576K
Event: 170.580 GC heap after
Heap after GC invocations=23 (full 3):
 PSYoungGen      total 74240K, used 26093K [0x00000000f5580000, 0x00000000fc380000, 0x0000000100000000)
  eden space 44544K, 0% used [0x00000000f5580000,0x00000000f5580000,0x00000000f8100000)
  from space 29696K, 87% used [0x00000000fa100000,0x00000000fba7b608,0x00000000fbe00000)
  to   space 32768K, 0% used [0x00000000f8100000,0x00000000f8100000,0x00000000fa100000)
 ParOldGen       total 106496K, used 35568K [0x00000000e0000000, 0x00000000e6800000, 0x00000000f5580000)
  object space 106496K, 33% used [0x00000000e0000000,0x00000000e22bc060,0x00000000e6800000)
 Metaspace       used 78210K, capacity 84260K, committed 84480K, reserved 1122304K
  class space    used 9701K, capacity 11673K, committed 11776K, reserved 1048576K
}
Event: 183.636 GC heap before
{Heap before GC invocations=24 (full 3):
 PSYoungGen      total 74240K, used 70637K [0x00000000f5580000, 0x00000000fc380000, 0x0000000100000000)
  eden space 44544K, 100% used [0x00000000f5580000,0x00000000f8100000,0x00000000f8100000)
  from space 29696K, 87% used [0x00000000fa100000,0x00000000fba7b608,0x00000000fbe00000)
  to   space 32768K, 0% used [0x00000000f8100000,0x00000000f8100000,0x00000000fa100000)
 ParOldGen       total 106496K, used 35568K [0x00000000e0000000, 0x00000000e6800000, 0x00000000f5580000)
  object space 106496K, 33% used [0x00000000e0000000,0x00000000e22bc060,0x00000000e6800000)
 Metaspace       used 81384K, capacity 87524K, committed 87680K, reserved 1124352K
  class space    used 10172K, capacity 12158K, committed 12160K, reserved 1048576K
Event: 183.645 GC heap after
Heap after GC invocations=24 (full 3):
 PSYoungGen      total 76800K, used 27865K [0x00000000f5580000, 0x00000000fc680000, 0x0000000100000000)
  eden space 44032K, 0% used [0x00000000f5580000,0x00000000f5580000,0x00000000f8080000)
  from space 32768K, 85% used [0x00000000f8100000,0x00000000f9c36418,0x00000000fa100000)
  to   space 35840K, 0% used [0x00000000fa380000,0x00000000fa380000,0x00000000fc680000)
 ParOldGen       total 106496K, used 35576K [0x00000000e0000000, 0x00000000e6800000, 0x00000000f5580000)
  object space 106496K, 33% used [0x00000000e0000000,0x00000000e22be060,0x00000000e6800000)
 Metaspace       used 81384K, capacity 87524K, committed 87680K, reserved 1124352K
  class space    used 10172K, capacity 12158K, committed 12160K, reserved 1048576K
}

