# JRE version: Java(TM) SE Runtime Environment (8.0_45-b15) (build 1.8.0_45-b15)
# Java VM: Java HotSpot(TM) 64-Bit Server VM (25.45-b02 mixed mode windows-amd64 compressed oops)
Heap:
 PSYoungGen      total 93184K, used 33517K [0x00000000f5580000, 0x00000000fe180000, 0x0000000100000000)
  eden space 45056K, 18% used [0x00000000f5580000,0x00000000f5d7d600,0x00000000f8180000)
  from space 48128K, 52% used [0x00000000fb280000,0x00000000fcb3e020,0x00000000fe180000)
  to   space 49152K, 0% used [0x00000000f8180000,0x00000000f8180000,0x00000000fb180000)
 ParOldGen       total 111616K, used 39277K [0x00000000e0000000, 0x00000000e6d00000, 0x00000000f5580000)
  object space 111616K, 35% used [0x00000000e0000000,0x00000000e265b668,0x00000000e6d00000)
 Metaspace       used 86442K, capacity 92838K, committed 92928K, reserved 1130496K
  class space    used 10507K, capacity 12490K, committed 12544K, reserved 1048576K
GC Heap History (10 events):
Event: 2623.911 GC heap before
{Heap before GC invocations=61 (full 21):
 PSYoungGen      total 90624K, used 79145K [0x00000000f5580000, 0x00000000fd980000, 0x0000000100000000)
  eden space 51200K, 100% used [0x00000000f5580000,0x00000000f8780000,0x00000000f8780000)
  from space 39424K, 70% used [0x00000000f8880000,0x00000000fa3ca650,0x00000000faf00000)
  to   space 41984K, 0% used [0x00000000fb080000,0x00000000fb080000,0x00000000fd980000)
 ParOldGen       total 111616K, used 39237K [0x00000000e0000000, 0x00000000e6d00000, 0x00000000f5580000)
  object space 111616K, 35% used [0x00000000e0000000,0x00000000e2651668,0x00000000e6d00000)
 Metaspace       used 85128K, capacity 91412K, committed 91648K, reserved 1128448K
  class space    used 10411K, capacity 12423K, committed 12544K, reserved 1048576K
Event: 2623.920 GC heap after
Heap after GC invocations=61 (full 21):
 PSYoungGen      total 90624K, used 28612K [0x00000000f5580000, 0x00000000fdd80000, 0x0000000100000000)
  eden space 48640K, 0% used [0x00000000f5580000,0x00000000f5580000,0x00000000f8500000)
  from space 41984K, 68% used [0x00000000fb080000,0x00000000fcc71368,0x00000000fd980000)
  to   space 44544K, 0% used [0x00000000f8500000,0x00000000f8500000,0x00000000fb080000)
 ParOldGen       total 111616K, used 39245K [0x00000000e0000000, 0x00000000e6d00000, 0x00000000f5580000)
  object space 111616K, 35% used [0x00000000e0000000,0x00000000e2653668,0x00000000e6d00000)
 Metaspace       used 85128K, capacity 91412K, committed 91648K, reserved 1128448K
  class space    used 10411K, capacity 12423K, committed 12544K, reserved 1048576K
}
Event: 2704.854 GC heap before
{Heap before GC invocations=62 (full 21):
 PSYoungGen      total 90624K, used 77252K [0x00000000f5580000, 0x00000000fdd80000, 0x0000000100000000)
  eden space 48640K, 100% used [0x00000000f5580000,0x00000000f8500000,0x00000000f8500000)
  from space 41984K, 68% used [0x00000000fb080000,0x00000000fcc71368,0x00000000fd980000)
  to   space 44544K, 0% used [0x00000000f8500000,0x00000000f8500000,0x00000000fb080000)
 ParOldGen       total 111616K, used 39245K [0x00000000e0000000, 0x00000000e6d00000, 0x00000000f5580000)
  object space 111616K, 35% used [0x00000000e0000000,0x00000000e2653668,0x00000000e6d00000)
 Metaspace       used 85272K, capacity 91732K, committed 91904K, reserved 1128448K
  class space    used 10411K, capacity 12423K, committed 12544K, reserved 1048576K
Event: 2704.864 GC heap after
Heap after GC invocations=62 (full 21):
 PSYoungGen      total 92160K, used 29413K [0x00000000f5580000, 0x00000000fe000000, 0x0000000100000000)
  eden space 47616K, 0% used [0x00000000f5580000,0x00000000f5580000,0x00000000f8400000)
  from space 44544K, 66% used [0x00000000f8500000,0x00000000fa1b96d0,0x00000000fb080000)
  to   space 47104K, 0% used [0x00000000fb200000,0x00000000fb200000,0x00000000fe000000)
 ParOldGen       total 111616K, used 39253K [0x00000000e0000000, 0x00000000e6d00000, 0x00000000f5580000)
  object space 111616K, 35% used [0x00000000e0000000,0x00000000e2655668,0x00000000e6d00000)
 Metaspace       used 85272K, capacity 91732K, committed 91904K, reserved 1128448K
  class space    used 10411K, capacity 12423K, committed 12544K, reserved 1048576K
}
Event: 2895.611 GC heap before
{Heap before GC invocations=63 (full 21):
 PSYoungGen      total 92160K, used 77029K [0x00000000f5580000, 0x00000000fe000000, 0x0000000100000000)
  eden space 47616K, 100% used [0x00000000f5580000,0x00000000f8400000,0x00000000f8400000)
  from space 44544K, 66% used [0x00000000f8500000,0x00000000fa1b96d0,0x00000000fb080000)
  to   space 47104K, 0% used [0x00000000fb200000,0x00000000fb200000,0x00000000fe000000)
 ParOldGen       total 111616K, used 39253K [0x00000000e0000000, 0x00000000e6d00000, 0x00000000f5580000)
  object space 111616K, 35% used [0x00000000e0000000,0x00000000e2655668,0x00000000e6d00000)
 Metaspace       used 85456K, capacity 91924K, committed 92160K, reserved 1128448K
  class space    used 10413K, capacity 12423K, committed 12544K, reserved 1048576K
Event: 2895.621 GC heap after
Heap after GC invocations=63 (full 21):
 PSYoungGen      total 93184K, used 29745K [0x00000000f5580000, 0x00000000fe280000, 0x0000000100000000)
  eden space 46080K, 0% used [0x00000000f5580000,0x00000000f5580000,0x00000000f8280000)
  from space 47104K, 63% used [0x00000000fb200000,0x00000000fcf0c598,0x00000000fe000000)
  to   space 48640K, 0% used [0x00000000f8280000,0x00000000f8280000,0x00000000fb200000)
 ParOldGen       total 111616K, used 39261K [0x00000000e0000000, 0x00000000e6d00000, 0x00000000f5580000)
  object space 111616K, 35% used [0x00000000e0000000,0x00000000e2657668,0x00000000e6d00000)
 Metaspace       used 85456K, capacity 91924K, committed 92160K, reserved 1128448K
  class space    used 10413K, capacity 12423K, committed 12544K, reserved 1048576K
}
Event: 2934.271 GC heap before
{Heap before GC invocations=64 (full 21):
 PSYoungGen      total 93184K, used 75825K [0x00000000f5580000, 0x00000000fe280000, 0x0000000100000000)
  eden space 46080K, 100% used [0x00000000f5580000,0x00000000f8280000,0x00000000f8280000)
  from space 47104K, 63% used [0x00000000fb200000,0x00000000fcf0c598,0x00000000fe000000)
  to   space 48640K, 0% used [0x00000000f8280000,0x00000000f8280000,0x00000000fb200000)
 ParOldGen       total 111616K, used 39261K [0x00000000e0000000, 0x00000000e6d00000, 0x00000000f5580000)
  object space 111616K, 35% used [0x00000000e0000000,0x00000000e2657668,0x00000000e6d00000)
 Metaspace       used 85576K, capacity 92052K, committed 92416K, reserved 1128448K
  class space    used 10413K, capacity 12423K, committed 12544K, reserved 1048576K
Event: 2934.280 GC heap after
Heap after GC invocations=64 (full 21):
 PSYoungGen      total 94208K, used 29912K [0x00000000f5580000, 0x00000000fe300000, 0x0000000100000000)
  eden space 45568K, 0% used [0x00000000f5580000,0x00000000f5580000,0x00000000f8200000)
  from space 48640K, 61% used [0x00000000f8280000,0x00000000f9fb63a8,0x00000000fb200000)
  to   space 49664K, 0% used [0x00000000fb280000,0x00000000fb280000,0x00000000fe300000)
 ParOldGen       total 111616K, used 39269K [0x00000000e0000000, 0x00000000e6d00000, 0x00000000f5580000)
  object space 111616K, 35% used [0x00000000e0000000,0x00000000e2659668,0x00000000e6d00000)
 Metaspace       used 85576K, capacity 92052K, committed 92416K, reserved 1128448K
  class space    used 10413K, capacity 12423K, committed 12544K, reserved 1048576K
}
Event: 3058.476 GC heap before
{Heap before GC invocations=65 (full 21):
 PSYoungGen      total 94208K, used 75480K [0x00000000f5580000, 0x00000000fe300000, 0x0000000100000000)
  eden space 45568K, 100% used [0x00000000f5580000,0x00000000f8200000,0x00000000f8200000)
  from space 48640K, 61% used [0x00000000f8280000,0x00000000f9fb63a8,0x00000000fb200000)
  to   space 49664K, 0% used [0x00000000fb280000,0x00000000fb280000,0x00000000fe300000)
 ParOldGen       total 111616K, used 39269K [0x00000000e0000000, 0x00000000e6d00000, 0x00000000f5580000)
  object space 111616K, 35% used [0x00000000e0000000,0x00000000e2659668,0x00000000e6d00000)
 Metaspace       used 86100K, capacity 92576K, committed 92672K, reserved 1130496K
  class space    used 10473K, capacity 12489K, committed 12544K, reserved 1048576K
Event: 3058.484 GC heap after
Heap after GC invocations=65 (full 21):
 PSYoungGen      total 93184K, used 25336K [0x00000000f5580000, 0x00000000fe180000, 0x0000000100000000)
  eden space 45056K, 0% used [0x00000000f5580000,0x00000000f5580000,0x00000000f8180000)
  from space 48128K, 52% used [0x00000000fb280000,0x00000000fcb3e020,0x00000000fe180000)
  to   space 49152K, 0% used [0x00000000f8180000,0x00000000f8180000,0x00000000fb180000)
 ParOldGen       total 111616K, used 39277K [0x00000000e0000000, 0x00000000e6d00000, 0x00000000f5580000)
  object space 111616K, 35% used [0x00000000e0000000,0x00000000e265b668,0x00000000e6d00000)
 Metaspace       used 86100K, capacity 92576K, committed 92672K, reserved 1130496K
  class space    used 10473K, capacity 12489K, committed 12544K, reserved 1048576K
}

