# JRE version: Java(TM) SE Runtime Environment (8.0_45-b15) (build 1.8.0_45-b15)
# Java VM: Java HotSpot(TM) 64-Bit Server VM (25.45-b02 mixed mode windows-amd64 compressed oops)
Heap:
 PSYoungGen      total 29696K, used 8650K [0x00000000f5580000, 0x00000000f7480000, 0x0000000100000000)
  eden space 29184K, 28% used [0x00000000f5580000,0x00000000f5dbd020,0x00000000f7200000)
  from space 512K, 41% used [0x00000000f7200000,0x00000000f7235ba0,0x00000000f7280000)
  to   space 512K, 0% used [0x00000000f7400000,0x00000000f7400000,0x00000000f7480000)
 ParOldGen       total 106496K, used 86856K [0x00000000e0000000, 0x00000000e6800000, 0x00000000f5580000)
  object space 106496K, 81% used [0x00000000e0000000,0x00000000e54d22f0,0x00000000e6800000)
 Metaspace       used 98474K, capacity 105238K, committed 105728K, reserved 1140736K
  class space    used 11901K, capacity 14020K, committed 14080K, reserved 1048576K
GC Heap History (10 events):
Event: 4448.699 GC heap before
{Heap before GC invocations=608 (full 5):
 PSYoungGen      total 29696K, used 29248K [0x00000000f5580000, 0x00000000f7480000, 0x0000000100000000)
  eden space 29184K, 100% used [0x00000000f5580000,0x00000000f7200000,0x00000000f7200000)
  from space 512K, 12% used [0x00000000f7400000,0x00000000f7410000,0x00000000f7480000)
  to   space 512K, 0% used [0x00000000f7200000,0x00000000f7200000,0x00000000f7280000)
 ParOldGen       total 106496K, used 86856K [0x00000000e0000000, 0x00000000e6800000, 0x00000000f5580000)
  object space 106496K, 81% used [0x00000000e0000000,0x00000000e54d22f0,0x00000000e6800000)
 Metaspace       used 98217K, capacity 105046K, committed 105472K, reserved 1140736K
  class space    used 11873K, capacity 14020K, committed 14080K, reserved 1048576K
Event: 4448.701 GC heap after
Heap after GC invocations=608 (full 5):
 PSYoungGen      total 29696K, used 32K [0x00000000f5580000, 0x00000000f7480000, 0x0000000100000000)
  eden space 29184K, 0% used [0x00000000f5580000,0x00000000f5580000,0x00000000f7200000)
  from space 512K, 6% used [0x00000000f7200000,0x00000000f7208000,0x00000000f7280000)
  to   space 512K, 0% used [0x00000000f7400000,0x00000000f7400000,0x00000000f7480000)
 ParOldGen       total 106496K, used 86856K [0x00000000e0000000, 0x00000000e6800000, 0x00000000f5580000)
  object space 106496K, 81% used [0x00000000e0000000,0x00000000e54d22f0,0x00000000e6800000)
 Metaspace       used 98217K, capacity 105046K, committed 105472K, reserved 1140736K
  class space    used 11873K, capacity 14020K, committed 14080K, reserved 1048576K
}
Event: 4449.963 GC heap before
{Heap before GC invocations=609 (full 5):
 PSYoungGen      total 29696K, used 29216K [0x00000000f5580000, 0x00000000f7480000, 0x0000000100000000)
  eden space 29184K, 100% used [0x00000000f5580000,0x00000000f7200000,0x00000000f7200000)
  from space 512K, 6% used [0x00000000f7200000,0x00000000f7208000,0x00000000f7280000)
  to   space 512K, 0% used [0x00000000f7400000,0x00000000f7400000,0x00000000f7480000)
 ParOldGen       total 106496K, used 86856K [0x00000000e0000000, 0x00000000e6800000, 0x00000000f5580000)
  object space 106496K, 81% used [0x00000000e0000000,0x00000000e54d22f0,0x00000000e6800000)
 Metaspace       used 98217K, capacity 105046K, committed 105472K, reserved 1140736K
  class space    used 11873K, capacity 14020K, committed 14080K, reserved 1048576K
Event: 4449.965 GC heap after
Heap after GC invocations=609 (full 5):
 PSYoungGen      total 29696K, used 32K [0x00000000f5580000, 0x00000000f7480000, 0x0000000100000000)
  eden space 29184K, 0% used [0x00000000f5580000,0x00000000f5580000,0x00000000f7200000)
  from space 512K, 6% used [0x00000000f7400000,0x00000000f7408000,0x00000000f7480000)
  to   space 512K, 0% used [0x00000000f7200000,0x00000000f7200000,0x00000000f7280000)
 ParOldGen       total 106496K, used 86856K [0x00000000e0000000, 0x00000000e6800000, 0x00000000f5580000)
  object space 106496K, 81% used [0x00000000e0000000,0x00000000e54d22f0,0x00000000e6800000)
 Metaspace       used 98217K, capacity 105046K, committed 105472K, reserved 1140736K
  class space    used 11873K, capacity 14020K, committed 14080K, reserved 1048576K
}
Event: 4451.248 GC heap before
{Heap before GC invocations=610 (full 5):
 PSYoungGen      total 29696K, used 29216K [0x00000000f5580000, 0x00000000f7480000, 0x0000000100000000)
  eden space 29184K, 100% used [0x00000000f5580000,0x00000000f7200000,0x00000000f7200000)
  from space 512K, 6% used [0x00000000f7400000,0x00000000f7408000,0x00000000f7480000)
  to   space 512K, 0% used [0x00000000f7200000,0x00000000f7200000,0x00000000f7280000)
 ParOldGen       total 106496K, used 86856K [0x00000000e0000000, 0x00000000e6800000, 0x00000000f5580000)
  object space 106496K, 81% used [0x00000000e0000000,0x00000000e54d22f0,0x00000000e6800000)
 Metaspace       used 98217K, capacity 105046K, committed 105472K, reserved 1140736K
  class space    used 11873K, capacity 14020K, committed 14080K, reserved 1048576K
Event: 4451.250 GC heap after
Heap after GC invocations=610 (full 5):
 PSYoungGen      total 29696K, used 32K [0x00000000f5580000, 0x00000000f7480000, 0x0000000100000000)
  eden space 29184K, 0% used [0x00000000f5580000,0x00000000f5580000,0x00000000f7200000)
  from space 512K, 6% used [0x00000000f7200000,0x00000000f7208000,0x00000000f7280000)
  to   space 512K, 0% used [0x00000000f7400000,0x00000000f7400000,0x00000000f7480000)
 ParOldGen       total 106496K, used 86856K [0x00000000e0000000, 0x00000000e6800000, 0x00000000f5580000)
  object space 106496K, 81% used [0x00000000e0000000,0x00000000e54d22f0,0x00000000e6800000)
 Metaspace       used 98217K, capacity 105046K, committed 105472K, reserved 1140736K
  class space    used 11873K, capacity 14020K, committed 14080K, reserved 1048576K
}
Event: 4452.535 GC heap before
{Heap before GC invocations=611 (full 5):
 PSYoungGen      total 29696K, used 29216K [0x00000000f5580000, 0x00000000f7480000, 0x0000000100000000)
  eden space 29184K, 100% used [0x00000000f5580000,0x00000000f7200000,0x00000000f7200000)
  from space 512K, 6% used [0x00000000f7200000,0x00000000f7208000,0x00000000f7280000)
  to   space 512K, 0% used [0x00000000f7400000,0x00000000f7400000,0x00000000f7480000)
 ParOldGen       total 106496K, used 86856K [0x00000000e0000000, 0x00000000e6800000, 0x00000000f5580000)
  object space 106496K, 81% used [0x00000000e0000000,0x00000000e54d22f0,0x00000000e6800000)
 Metaspace       used 98217K, capacity 105046K, committed 105472K, reserved 1140736K
  class space    used 11873K, capacity 14020K, committed 14080K, reserved 1048576K
Event: 4452.537 GC heap after
Heap after GC invocations=611 (full 5):
 PSYoungGen      total 29696K, used 32K [0x00000000f5580000, 0x00000000f7480000, 0x0000000100000000)
  eden space 29184K, 0% used [0x00000000f5580000,0x00000000f5580000,0x00000000f7200000)
  from space 512K, 6% used [0x00000000f7400000,0x00000000f7408000,0x00000000f7480000)
  to   space 512K, 0% used [0x00000000f7200000,0x00000000f7200000,0x00000000f7280000)
 ParOldGen       total 106496K, used 86856K [0x00000000e0000000, 0x00000000e6800000, 0x00000000f5580000)
  object space 106496K, 81% used [0x00000000e0000000,0x00000000e54d22f0,0x00000000e6800000)
 Metaspace       used 98217K, capacity 105046K, committed 105472K, reserved 1140736K
  class space    used 11873K, capacity 14020K, committed 14080K, reserved 1048576K
}
Event: 4453.578 GC heap before
{Heap before GC invocations=612 (full 5):
 PSYoungGen      total 29696K, used 29216K [0x00000000f5580000, 0x00000000f7480000, 0x0000000100000000)
  eden space 29184K, 100% used [0x00000000f5580000,0x00000000f7200000,0x00000000f7200000)
  from space 512K, 6% used [0x00000000f7400000,0x00000000f7408000,0x00000000f7480000)
  to   space 512K, 0% used [0x00000000f7200000,0x00000000f7200000,0x00000000f7280000)
 ParOldGen       total 106496K, used 86856K [0x00000000e0000000, 0x00000000e6800000, 0x00000000f5580000)
  object space 106496K, 81% used [0x00000000e0000000,0x00000000e54d22f0,0x00000000e6800000)
 Metaspace       used 98317K, capacity 105110K, committed 105472K, reserved 1140736K
  class space    used 11884K, capacity 14020K, committed 14080K, reserved 1048576K
Event: 4453.581 GC heap after
Heap after GC invocations=612 (full 5):
 PSYoungGen      total 29696K, used 214K [0x00000000f5580000, 0x00000000f7480000, 0x0000000100000000)
  eden space 29184K, 0% used [0x00000000f5580000,0x00000000f5580000,0x00000000f7200000)
  from space 512K, 41% used [0x00000000f7200000,0x00000000f7235ba0,0x00000000f7280000)
  to   space 512K, 0% used [0x00000000f7400000,0x00000000f7400000,0x00000000f7480000)
 ParOldGen       total 106496K, used 86856K [0x00000000e0000000, 0x00000000e6800000, 0x00000000f5580000)
  object space 106496K, 81% used [0x00000000e0000000,0x00000000e54d22f0,0x00000000e6800000)
 Metaspace       used 98317K, capacity 105110K, committed 105472K, reserved 1140736K
  class space    used 11884K, capacity 14020K, committed 14080K, reserved 1048576K
}

