# JRE version: Java(TM) SE Runtime Environment (8.0_45-b15) (build 1.8.0_45-b15)
# Java VM: Java HotSpot(TM) 64-Bit Server VM (25.45-b02 mixed mode windows-amd64 compressed oops)
Heap:
 PSYoungGen      total 99328K, used 21687K [0x00000000f5580000, 0x00000000fdf00000, 0x0000000100000000)
  eden space 83456K, 7% used [0x00000000f5580000,0x00000000f5b832e0,0x00000000fa700000)
  from space 15872K, 97% used [0x00000000fa900000,0x00000000fb82a988,0x00000000fb880000)
  to   space 28672K, 0% used [0x00000000fc300000,0x00000000fc300000,0x00000000fdf00000)
 ParOldGen       total 102400K, used 51088K [0x00000000e0000000, 0x00000000e6400000, 0x00000000f5580000)
  object space 102400K, 49% used [0x00000000e0000000,0x00000000e31e4100,0x00000000e6400000)
 Metaspace       used 96332K, capacity 103284K, committed 103552K, reserved 1138688K
  class space    used 11715K, capacity 13909K, committed 13952K, reserved 1048576K
GC Heap History (10 events):
Event: 270.037 GC heap before
{Heap before GC invocations=27 (full 4):
 PSYoungGen      total 116224K, used 115170K [0x00000000f5580000, 0x00000000fe700000, 0x0000000100000000)
  eden space 95744K, 100% used [0x00000000f5580000,0x00000000fb300000,0x00000000fb300000)
  from space 20480K, 94% used [0x00000000fd300000,0x00000000fe5f8b20,0x00000000fe700000)
  to   space 26624K, 0% used [0x00000000fb300000,0x00000000fb300000,0x00000000fcd00000)
 ParOldGen       total 102400K, used 51048K [0x00000000e0000000, 0x00000000e6400000, 0x00000000f5580000)
  object space 102400K, 49% used [0x00000000e0000000,0x00000000e31da100,0x00000000e6400000)
 Metaspace       used 91481K, capacity 98290K, committed 98432K, reserved 1134592K
  class space    used 11280K, capacity 13418K, committed 13440K, reserved 1048576K
Event: 270.060 GC heap after
Heap after GC invocations=27 (full 4):
 PSYoungGen      total 113664K, used 20119K [0x00000000f5580000, 0x00000000fe580000, 0x0000000100000000)
  eden space 93184K, 0% used [0x00000000f5580000,0x00000000f5580000,0x00000000fb080000)
  from space 20480K, 98% used [0x00000000fb300000,0x00000000fc6a5cd8,0x00000000fc700000)
  to   space 27136K, 0% used [0x00000000fcb00000,0x00000000fcb00000,0x00000000fe580000)
 ParOldGen       total 102400K, used 51056K [0x00000000e0000000, 0x00000000e6400000, 0x00000000f5580000)
  object space 102400K, 49% used [0x00000000e0000000,0x00000000e31dc100,0x00000000e6400000)
 Metaspace       used 91481K, capacity 98290K, committed 98432K, reserved 1134592K
  class space    used 11280K, capacity 13418K, committed 13440K, reserved 1048576K
}
Event: 289.094 GC heap before
{Heap before GC invocations=28 (full 4):
 PSYoungGen      total 113664K, used 113303K [0x00000000f5580000, 0x00000000fe580000, 0x0000000100000000)
  eden space 93184K, 100% used [0x00000000f5580000,0x00000000fb080000,0x00000000fb080000)
  from space 20480K, 98% used [0x00000000fb300000,0x00000000fc6a5cd8,0x00000000fc700000)
  to   space 27136K, 0% used [0x00000000fcb00000,0x00000000fcb00000,0x00000000fe580000)
 ParOldGen       total 102400K, used 51056K [0x00000000e0000000, 0x00000000e6400000, 0x00000000f5580000)
  object space 102400K, 49% used [0x00000000e0000000,0x00000000e31dc100,0x00000000e6400000)
 Metaspace       used 92345K, capacity 99226K, committed 99584K, reserved 1134592K
  class space    used 11359K, capacity 13517K, committed 13568K, reserved 1048576K
Event: 289.104 GC heap after
Heap after GC invocations=28 (full 4):
 PSYoungGen      total 116224K, used 19923K [0x00000000f5580000, 0x00000000fe400000, 0x0000000100000000)
  eden space 90624K, 0% used [0x00000000f5580000,0x00000000f5580000,0x00000000fae00000)
  from space 25600K, 77% used [0x00000000fcb00000,0x00000000fde74e80,0x00000000fe400000)
  to   space 27648K, 0% used [0x00000000fae00000,0x00000000fae00000,0x00000000fc900000)
 ParOldGen       total 102400K, used 51064K [0x00000000e0000000, 0x00000000e6400000, 0x00000000f5580000)
  object space 102400K, 49% used [0x00000000e0000000,0x00000000e31de100,0x00000000e6400000)
 Metaspace       used 92345K, capacity 99226K, committed 99584K, reserved 1134592K
  class space    used 11359K, capacity 13517K, committed 13568K, reserved 1048576K
}
Event: 345.021 GC heap before
{Heap before GC invocations=29 (full 4):
 PSYoungGen      total 116224K, used 110547K [0x00000000f5580000, 0x00000000fe400000, 0x0000000100000000)
  eden space 90624K, 100% used [0x00000000f5580000,0x00000000fae00000,0x00000000fae00000)
  from space 25600K, 77% used [0x00000000fcb00000,0x00000000fde74e80,0x00000000fe400000)
  to   space 27648K, 0% used [0x00000000fae00000,0x00000000fae00000,0x00000000fc900000)
 ParOldGen       total 102400K, used 51064K [0x00000000e0000000, 0x00000000e6400000, 0x00000000f5580000)
  object space 102400K, 49% used [0x00000000e0000000,0x00000000e31de100,0x00000000e6400000)
 Metaspace       used 93109K, capacity 100156K, committed 100480K, reserved 1136640K
  class space    used 11407K, capacity 13615K, committed 13696K, reserved 1048576K
Event: 345.033 GC heap after
Heap after GC invocations=29 (full 4):
 PSYoungGen      total 109568K, used 21257K [0x00000000f5580000, 0x00000000fe380000, 0x0000000100000000)
  eden space 88064K, 0% used [0x00000000f5580000,0x00000000f5580000,0x00000000fab80000)
  from space 21504K, 98% used [0x00000000fae00000,0x00000000fc2c2428,0x00000000fc300000)
  to   space 28672K, 0% used [0x00000000fc780000,0x00000000fc780000,0x00000000fe380000)
 ParOldGen       total 102400K, used 51072K [0x00000000e0000000, 0x00000000e6400000, 0x00000000f5580000)
  object space 102400K, 49% used [0x00000000e0000000,0x00000000e31e0100,0x00000000e6400000)
 Metaspace       used 93109K, capacity 100156K, committed 100480K, reserved 1136640K
  class space    used 11407K, capacity 13615K, committed 13696K, reserved 1048576K
}
Event: 604.254 GC heap before
{Heap before GC invocations=30 (full 4):
 PSYoungGen      total 109568K, used 109321K [0x00000000f5580000, 0x00000000fe380000, 0x0000000100000000)
  eden space 88064K, 100% used [0x00000000f5580000,0x00000000fab80000,0x00000000fab80000)
  from space 21504K, 98% used [0x00000000fae00000,0x00000000fc2c2428,0x00000000fc300000)
  to   space 28672K, 0% used [0x00000000fc780000,0x00000000fc780000,0x00000000fe380000)
 ParOldGen       total 102400K, used 51072K [0x00000000e0000000, 0x00000000e6400000, 0x00000000f5580000)
  object space 102400K, 49% used [0x00000000e0000000,0x00000000e31e0100,0x00000000e6400000)
 Metaspace       used 93415K, capacity 100412K, committed 100736K, reserved 1136640K
  class space    used 11410K, capacity 13615K, committed 13696K, reserved 1048576K
Event: 604.266 GC heap after
Heap after GC invocations=30 (full 4):
 PSYoungGen      total 113664K, used 21534K [0x00000000f5580000, 0x00000000fe300000, 0x0000000100000000)
  eden space 85504K, 0% used [0x00000000f5580000,0x00000000f5580000,0x00000000fa900000)
  from space 28160K, 76% used [0x00000000fc780000,0x00000000fdc87b78,0x00000000fe300000)
  to   space 29696K, 0% used [0x00000000fa900000,0x00000000fa900000,0x00000000fc600000)
 ParOldGen       total 102400K, used 51080K [0x00000000e0000000, 0x00000000e6400000, 0x00000000f5580000)
  object space 102400K, 49% used [0x00000000e0000000,0x00000000e31e2100,0x00000000e6400000)
 Metaspace       used 93415K, capacity 100412K, committed 100736K, reserved 1136640K
  class space    used 11410K, capacity 13615K, committed 13696K, reserved 1048576K
}
Event: 800.903 GC heap before
{Heap before GC invocations=31 (full 4):
 PSYoungGen      total 113664K, used 107038K [0x00000000f5580000, 0x00000000fe300000, 0x0000000100000000)
  eden space 85504K, 99% used [0x00000000f5580000,0x00000000fa8ffe10,0x00000000fa900000)
  from space 28160K, 76% used [0x00000000fc780000,0x00000000fdc87b78,0x00000000fe300000)
  to   space 29696K, 0% used [0x00000000fa900000,0x00000000fa900000,0x00000000fc600000)
 ParOldGen       total 102400K, used 51080K [0x00000000e0000000, 0x00000000e6400000, 0x00000000f5580000)
  object space 102400K, 49% used [0x00000000e0000000,0x00000000e31e2100,0x00000000e6400000)
 Metaspace       used 96178K, capacity 103188K, committed 103552K, reserved 1138688K
  class space    used 11697K, capacity 13877K, committed 13952K, reserved 1048576K
Event: 800.911 GC heap after
Heap after GC invocations=31 (full 4):
 PSYoungGen      total 99328K, used 15530K [0x00000000f5580000, 0x00000000fdf00000, 0x0000000100000000)
  eden space 83456K, 0% used [0x00000000f5580000,0x00000000f5580000,0x00000000fa700000)
  from space 15872K, 97% used [0x00000000fa900000,0x00000000fb82a988,0x00000000fb880000)
  to   space 28672K, 0% used [0x00000000fc300000,0x00000000fc300000,0x00000000fdf00000)
 ParOldGen       total 102400K, used 51088K [0x00000000e0000000, 0x00000000e6400000, 0x00000000f5580000)
  object space 102400K, 49% used [0x00000000e0000000,0x00000000e31e4100,0x00000000e6400000)
 Metaspace       used 96178K, capacity 103188K, committed 103552K, reserved 1138688K
  class space    used 11697K, capacity 13877K, committed 13952K, reserved 1048576K
}

