# JRE version: Java(TM) SE Runtime Environment (8.0_45-b15) (build 1.8.0_45-b15)
# Java VM: Java HotSpot(TM) 64-Bit Server VM (25.45-b02 mixed mode windows-amd64 compressed oops)
Heap:
 PSYoungGen      total 131072K, used 70774K [0x00000000f5580000, 0x00000000fff00000, 0x0000000100000000)
  eden space 88576K, 63% used [0x00000000f5580000,0x00000000f8c2f968,0x00000000fac00000)
  from space 42496K, 34% used [0x00000000fd580000,0x00000000fe3edf28,0x00000000fff00000)
  to   space 42496K, 0% used [0x00000000fac00000,0x00000000fac00000,0x00000000fd580000)
 ParOldGen       total 111104K, used 71946K [0x00000000e0000000, 0x00000000e6c80000, 0x00000000f5580000)
  object space 111104K, 64% used [0x00000000e0000000,0x00000000e4642818,0x00000000e6c80000)
 Metaspace       used 90762K, capacity 97788K, committed 98048K, reserved 1134592K
  class space    used 11266K, capacity 13447K, committed 13568K, reserved 1048576K
GC Heap History (10 events):
Event: 237.720 GC heap before
{Heap before GC invocations=29 (full 3):
 PSYoungGen      total 115200K, used 90995K [0x00000000f5580000, 0x00000000ffb80000, 0x0000000100000000)
  eden space 64000K, 100% used [0x00000000f5580000,0x00000000f9400000,0x00000000f9400000)
  from space 51200K, 52% used [0x00000000f9400000,0x00000000fae5cca8,0x00000000fc600000)
  to   space 48640K, 0% used [0x00000000fcc00000,0x00000000fcc00000,0x00000000ffb80000)
 ParOldGen       total 111104K, used 61093K [0x00000000e0000000, 0x00000000e6c80000, 0x00000000f5580000)
  object space 111104K, 54% used [0x00000000e0000000,0x00000000e3ba9460,0x00000000e6c80000)
 Metaspace       used 89103K, capacity 96328K, committed 96512K, reserved 1132544K
  class space    used 11119K, capacity 13281K, committed 13312K, reserved 1048576K
Event: 237.732 GC heap after
Heap after GC invocations=29 (full 3):
 PSYoungGen      total 119296K, used 26508K [0x00000000f5580000, 0x00000000ff880000, 0x0000000100000000)
  eden space 73728K, 0% used [0x00000000f5580000,0x00000000f5580000,0x00000000f9d80000)
  from space 45568K, 58% used [0x00000000fcc00000,0x00000000fe5e33e8,0x00000000ff880000)
  to   space 46592K, 0% used [0x00000000f9d80000,0x00000000f9d80000,0x00000000fcb00000)
 ParOldGen       total 111104K, used 61093K [0x00000000e0000000, 0x00000000e6c80000, 0x00000000f5580000)
  object space 111104K, 54% used [0x00000000e0000000,0x00000000e3ba9460,0x00000000e6c80000)
 Metaspace       used 89103K, capacity 96328K, committed 96512K, reserved 1132544K
  class space    used 11119K, capacity 13281K, committed 13312K, reserved 1048576K
}
Event: 237.932 GC heap before
{Heap before GC invocations=30 (full 3):
 PSYoungGen      total 119296K, used 100236K [0x00000000f5580000, 0x00000000ff880000, 0x0000000100000000)
  eden space 73728K, 100% used [0x00000000f5580000,0x00000000f9d80000,0x00000000f9d80000)
  from space 45568K, 58% used [0x00000000fcc00000,0x00000000fe5e33e8,0x00000000ff880000)
  to   space 46592K, 0% used [0x00000000f9d80000,0x00000000f9d80000,0x00000000fcb00000)
 ParOldGen       total 111104K, used 61093K [0x00000000e0000000, 0x00000000e6c80000, 0x00000000f5580000)
  object space 111104K, 54% used [0x00000000e0000000,0x00000000e3ba9460,0x00000000e6c80000)
 Metaspace       used 89127K, capacity 96392K, committed 96512K, reserved 1132544K
  class space    used 11119K, capacity 13281K, committed 13312K, reserved 1048576K
Event: 237.940 GC heap after
Heap after GC invocations=30 (full 3):
 PSYoungGen      total 120320K, used 24393K [0x00000000f5580000, 0x00000000ffe00000, 0x0000000100000000)
  eden space 73728K, 0% used [0x00000000f5580000,0x00000000f5580000,0x00000000f9d80000)
  from space 46592K, 52% used [0x00000000f9d80000,0x00000000fb552560,0x00000000fcb00000)
  to   space 45056K, 0% used [0x00000000fd200000,0x00000000fd200000,0x00000000ffe00000)
 ParOldGen       total 111104K, used 64821K [0x00000000e0000000, 0x00000000e6c80000, 0x00000000f5580000)
  object space 111104K, 58% used [0x00000000e0000000,0x00000000e3f4d4f8,0x00000000e6c80000)
 Metaspace       used 89127K, capacity 96392K, committed 96512K, reserved 1132544K
  class space    used 11119K, capacity 13281K, committed 13312K, reserved 1048576K
}
Event: 238.100 GC heap before
{Heap before GC invocations=31 (full 3):
 PSYoungGen      total 120320K, used 98121K [0x00000000f5580000, 0x00000000ffe00000, 0x0000000100000000)
  eden space 73728K, 100% used [0x00000000f5580000,0x00000000f9d80000,0x00000000f9d80000)
  from space 46592K, 52% used [0x00000000f9d80000,0x00000000fb552560,0x00000000fcb00000)
  to   space 45056K, 0% used [0x00000000fd200000,0x00000000fd200000,0x00000000ffe00000)
 ParOldGen       total 111104K, used 64821K [0x00000000e0000000, 0x00000000e6c80000, 0x00000000f5580000)
  object space 111104K, 58% used [0x00000000e0000000,0x00000000e3f4d4f8,0x00000000e6c80000)
 Metaspace       used 89137K, capacity 96392K, committed 96512K, reserved 1132544K
  class space    used 11120K, capacity 13281K, committed 13312K, reserved 1048576K
Event: 238.107 GC heap after
Heap after GC invocations=31 (full 3):
 PSYoungGen      total 125440K, used 24395K [0x00000000f5580000, 0x00000000ffb80000, 0x0000000100000000)
  eden space 82944K, 0% used [0x00000000f5580000,0x00000000f5580000,0x00000000fa680000)
  from space 42496K, 57% used [0x00000000fd200000,0x00000000fe9d2e10,0x00000000ffb80000)
  to   space 43520K, 0% used [0x00000000fa680000,0x00000000fa680000,0x00000000fd100000)
 ParOldGen       total 111104K, used 64829K [0x00000000e0000000, 0x00000000e6c80000, 0x00000000f5580000)
  object space 111104K, 58% used [0x00000000e0000000,0x00000000e3f4f4f8,0x00000000e6c80000)
 Metaspace       used 89137K, capacity 96392K, committed 96512K, reserved 1132544K
  class space    used 11120K, capacity 13281K, committed 13312K, reserved 1048576K
}
Event: 238.285 GC heap before
{Heap before GC invocations=32 (full 3):
 PSYoungGen      total 125440K, used 107339K [0x00000000f5580000, 0x00000000ffb80000, 0x0000000100000000)
  eden space 82944K, 100% used [0x00000000f5580000,0x00000000fa680000,0x00000000fa680000)
  from space 42496K, 57% used [0x00000000fd200000,0x00000000fe9d2e10,0x00000000ffb80000)
  to   space 43520K, 0% used [0x00000000fa680000,0x00000000fa680000,0x00000000fd100000)
 ParOldGen       total 111104K, used 64829K [0x00000000e0000000, 0x00000000e6c80000, 0x00000000f5580000)
  object space 111104K, 58% used [0x00000000e0000000,0x00000000e3f4f4f8,0x00000000e6c80000)
 Metaspace       used 89166K, capacity 96392K, committed 96512K, reserved 1132544K
  class space    used 11120K, capacity 13281K, committed 13312K, reserved 1048576K
Event: 238.293 GC heap after
Heap after GC invocations=32 (full 3):
 PSYoungGen      total 126464K, used 21432K [0x00000000f5580000, 0x00000000fff00000, 0x0000000100000000)
  eden space 82944K, 0% used [0x00000000f5580000,0x00000000f5580000,0x00000000fa680000)
  from space 43520K, 49% used [0x00000000fa680000,0x00000000fbb6e0e0,0x00000000fd100000)
  to   space 42496K, 0% used [0x00000000fd580000,0x00000000fd580000,0x00000000fff00000)
 ParOldGen       total 111104K, used 68158K [0x00000000e0000000, 0x00000000e6c80000, 0x00000000f5580000)
  object space 111104K, 61% used [0x00000000e0000000,0x00000000e428f870,0x00000000e6c80000)
 Metaspace       used 89166K, capacity 96392K, committed 96512K, reserved 1132544K
  class space    used 11120K, capacity 13281K, committed 13312K, reserved 1048576K
}
Event: 410.751 GC heap before
{Heap before GC invocations=33 (full 3):
 PSYoungGen      total 126464K, used 104368K [0x00000000f5580000, 0x00000000fff00000, 0x0000000100000000)
  eden space 82944K, 99% used [0x00000000f5580000,0x00000000fa67e1a8,0x00000000fa680000)
  from space 43520K, 49% used [0x00000000fa680000,0x00000000fbb6e0e0,0x00000000fd100000)
  to   space 42496K, 0% used [0x00000000fd580000,0x00000000fd580000,0x00000000fff00000)
 ParOldGen       total 111104K, used 68158K [0x00000000e0000000, 0x00000000e6c80000, 0x00000000f5580000)
  object space 111104K, 61% used [0x00000000e0000000,0x00000000e428f870,0x00000000e6c80000)
 Metaspace       used 89794K, capacity 96904K, committed 97152K, reserved 1132544K
  class space    used 11172K, capacity 13345K, committed 13440K, reserved 1048576K
Event: 410.760 GC heap after
Heap after GC invocations=33 (full 3):
 PSYoungGen      total 131072K, used 14775K [0x00000000f5580000, 0x00000000fff00000, 0x0000000100000000)
  eden space 88576K, 0% used [0x00000000f5580000,0x00000000f5580000,0x00000000fac00000)
  from space 42496K, 34% used [0x00000000fd580000,0x00000000fe3edf28,0x00000000fff00000)
  to   space 42496K, 0% used [0x00000000fac00000,0x00000000fac00000,0x00000000fd580000)
 ParOldGen       total 111104K, used 71946K [0x00000000e0000000, 0x00000000e6c80000, 0x00000000f5580000)
  object space 111104K, 64% used [0x00000000e0000000,0x00000000e4642818,0x00000000e6c80000)
 Metaspace       used 89794K, capacity 96904K, committed 97152K, reserved 1132544K
  class space    used 11172K, capacity 13345K, committed 13440K, reserved 1048576K
}

