# JRE version: Java(TM) SE Runtime Environment (8.0_66-b18) (build 1.8.0_66-b18)
# Java VM: Java HotSpot(TM) 64-Bit Server VM (25.66-b18 mixed mode windows-amd64 compressed oops)
Heap:
 PSYoungGen      total 112640K, used 74671K [0x00000000f5580000, 0x00000000ffe00000, 0x0000000100000000)
  eden space 111104K, 67% used [0x00000000f5580000,0x00000000f9e6bc88,0x00000000fc200000)
  from space 1536K, 0% used [0x00000000fc200000,0x00000000fc200000,0x00000000fc380000)
  to   space 30720K, 0% used [0x00000000fe000000,0x00000000fe000000,0x00000000ffe00000)
 ParOldGen       total 145920K, used 69426K [0x00000000e0000000, 0x00000000e8e80000, 0x00000000f5580000)
  object space 145920K, 47% used [0x00000000e0000000,0x00000000e43ccb78,0x00000000e8e80000)
 Metaspace       used 98182K, capacity 105192K, committed 105344K, reserved 1140736K
  class space    used 11712K, capacity 13922K, committed 13952K, reserved 1048576K
GC Heap History (10 events):
Event: 352.980 GC heap before
{Heap before GC invocations=35 (full 8):
 PSYoungGen      total 142336K, used 93526K [0x00000000f5580000, 0x0000000100000000, 0x0000000100000000)
  eden space 110080K, 84% used [0x00000000f5580000,0x00000000fb0d5be8,0x00000000fc100000)
  from space 32256K, 0% used [0x00000000fe080000,0x00000000fe080000,0x0000000100000000)
  to   space 32256K, 0% used [0x00000000fc100000,0x00000000fc100000,0x00000000fe080000)
 ParOldGen       total 145920K, used 70071K [0x00000000e0000000, 0x00000000e8e80000, 0x00000000f5580000)
  object space 145920K, 48% used [0x00000000e0000000,0x00000000e446dc30,0x00000000e8e80000)
 Metaspace       used 95644K, capacity 102470K, committed 102784K, reserved 1138688K
  class space    used 11519K, capacity 13612K, committed 13696K, reserved 1048576K
Event: 352.984 GC heap after
Heap after GC invocations=35 (full 8):
 PSYoungGen      total 142336K, used 3579K [0x00000000f5580000, 0x0000000100000000, 0x0000000100000000)
  eden space 110080K, 0% used [0x00000000f5580000,0x00000000f5580000,0x00000000fc100000)
  from space 32256K, 11% used [0x00000000fc100000,0x00000000fc47ef48,0x00000000fe080000)
  to   space 31232K, 0% used [0x00000000fe180000,0x00000000fe180000,0x0000000100000000)
 ParOldGen       total 145920K, used 70143K [0x00000000e0000000, 0x00000000e8e80000, 0x00000000f5580000)
  object space 145920K, 48% used [0x00000000e0000000,0x00000000e447fc40,0x00000000e8e80000)
 Metaspace       used 95644K, capacity 102470K, committed 102784K, reserved 1138688K
  class space    used 11519K, capacity 13612K, committed 13696K, reserved 1048576K
}
Event: 352.984 GC heap before
{Heap before GC invocations=36 (full 9):
 PSYoungGen      total 142336K, used 3579K [0x00000000f5580000, 0x0000000100000000, 0x0000000100000000)
  eden space 110080K, 0% used [0x00000000f5580000,0x00000000f5580000,0x00000000fc100000)
  from space 32256K, 11% used [0x00000000fc100000,0x00000000fc47ef48,0x00000000fe080000)
  to   space 31232K, 0% used [0x00000000fe180000,0x00000000fe180000,0x0000000100000000)
 ParOldGen       total 145920K, used 70143K [0x00000000e0000000, 0x00000000e8e80000, 0x00000000f5580000)
  object space 145920K, 48% used [0x00000000e0000000,0x00000000e447fc40,0x00000000e8e80000)
 Metaspace       used 95644K, capacity 102470K, committed 102784K, reserved 1138688K
  class space    used 11519K, capacity 13612K, committed 13696K, reserved 1048576K
Event: 353.308 GC heap after
Heap after GC invocations=36 (full 9):
 PSYoungGen      total 142336K, used 0K [0x00000000f5580000, 0x0000000100000000, 0x0000000100000000)
  eden space 110080K, 0% used [0x00000000f5580000,0x00000000f5580000,0x00000000fc100000)
  from space 32256K, 0% used [0x00000000fc100000,0x00000000fc100000,0x00000000fe080000)
  to   space 31232K, 0% used [0x00000000fe180000,0x00000000fe180000,0x0000000100000000)
 ParOldGen       total 145920K, used 70474K [0x00000000e0000000, 0x00000000e8e80000, 0x00000000f5580000)
  object space 145920K, 48% used [0x00000000e0000000,0x00000000e44d29c8,0x00000000e8e80000)
 Metaspace       used 95644K, capacity 102470K, committed 102784K, reserved 1138688K
  class space    used 11519K, capacity 13612K, committed 13696K, reserved 1048576K
}
Event: 441.084 GC heap before
{Heap before GC invocations=37 (full 9):
 PSYoungGen      total 142336K, used 110080K [0x00000000f5580000, 0x0000000100000000, 0x0000000100000000)
  eden space 110080K, 100% used [0x00000000f5580000,0x00000000fc100000,0x00000000fc100000)
  from space 32256K, 0% used [0x00000000fc100000,0x00000000fc100000,0x00000000fe080000)
  to   space 31232K, 0% used [0x00000000fe180000,0x00000000fe180000,0x0000000100000000)
 ParOldGen       total 145920K, used 70474K [0x00000000e0000000, 0x00000000e8e80000, 0x00000000f5580000)
  object space 145920K, 48% used [0x00000000e0000000,0x00000000e44d29c8,0x00000000e8e80000)
 Metaspace       used 96680K, capacity 103472K, committed 103808K, reserved 1138688K
  class space    used 11559K, capacity 13650K, committed 13696K, reserved 1048576K
Event: 441.086 GC heap after
Heap after GC invocations=37 (full 9):
 PSYoungGen      total 141312K, used 1313K [0x00000000f5580000, 0x00000000fff00000, 0x0000000100000000)
  eden space 111104K, 0% used [0x00000000f5580000,0x00000000f5580000,0x00000000fc200000)
  from space 30208K, 4% used [0x00000000fe180000,0x00000000fe2c86f8,0x00000000fff00000)
  to   space 31232K, 0% used [0x00000000fc200000,0x00000000fc200000,0x00000000fe080000)
 ParOldGen       total 145920K, used 70482K [0x00000000e0000000, 0x00000000e8e80000, 0x00000000f5580000)
  object space 145920K, 48% used [0x00000000e0000000,0x00000000e44d49c8,0x00000000e8e80000)
 Metaspace       used 96680K, capacity 103472K, committed 103808K, reserved 1138688K
  class space    used 11559K, capacity 13650K, committed 13696K, reserved 1048576K
}
Event: 446.155 GC heap before
{Heap before GC invocations=38 (full 9):
 PSYoungGen      total 141312K, used 23222K [0x00000000f5580000, 0x00000000fff00000, 0x0000000100000000)
  eden space 111104K, 19% used [0x00000000f5580000,0x00000000f6ae5420,0x00000000fc200000)
  from space 30208K, 4% used [0x00000000fe180000,0x00000000fe2c86f8,0x00000000fff00000)
  to   space 31232K, 0% used [0x00000000fc200000,0x00000000fc200000,0x00000000fe080000)
 ParOldGen       total 145920K, used 70482K [0x00000000e0000000, 0x00000000e8e80000, 0x00000000f5580000)
  object space 145920K, 48% used [0x00000000e0000000,0x00000000e44d49c8,0x00000000e8e80000)
 Metaspace       used 96716K, capacity 103600K, committed 103808K, reserved 1138688K
  class space    used 11559K, capacity 13650K, committed 13696K, reserved 1048576K
Event: 446.158 GC heap after
Heap after GC invocations=38 (full 9):
 PSYoungGen      total 112640K, used 1152K [0x00000000f5580000, 0x00000000ffe00000, 0x0000000100000000)
  eden space 111104K, 0% used [0x00000000f5580000,0x00000000f5580000,0x00000000fc200000)
  from space 1536K, 75% used [0x00000000fc200000,0x00000000fc320010,0x00000000fc380000)
  to   space 30720K, 0% used [0x00000000fe000000,0x00000000fe000000,0x00000000ffe00000)
 ParOldGen       total 145920K, used 70490K [0x00000000e0000000, 0x00000000e8e80000, 0x00000000f5580000)
  object space 145920K, 48% used [0x00000000e0000000,0x00000000e44d69c8,0x00000000e8e80000)
 Metaspace       used 96716K, capacity 103600K, committed 103808K, reserved 1138688K
  class space    used 11559K, capacity 13650K, committed 13696K, reserved 1048576K
}
Event: 446.158 GC heap before
{Heap before GC invocations=39 (full 10):
 PSYoungGen      total 112640K, used 1152K [0x00000000f5580000, 0x00000000ffe00000, 0x0000000100000000)
  eden space 111104K, 0% used [0x00000000f5580000,0x00000000f5580000,0x00000000fc200000)
  from space 1536K, 75% used [0x00000000fc200000,0x00000000fc320010,0x00000000fc380000)
  to   space 30720K, 0% used [0x00000000fe000000,0x00000000fe000000,0x00000000ffe00000)
 ParOldGen       total 145920K, used 70490K [0x00000000e0000000, 0x00000000e8e80000, 0x00000000f5580000)
  object space 145920K, 48% used [0x00000000e0000000,0x00000000e44d69c8,0x00000000e8e80000)
 Metaspace       used 96716K, capacity 103600K, committed 103808K, reserved 1138688K
  class space    used 11559K, capacity 13650K, committed 13696K, reserved 1048576K
Event: 446.425 GC heap after
Heap after GC invocations=39 (full 10):
 PSYoungGen      total 112640K, used 0K [0x00000000f5580000, 0x00000000ffe00000, 0x0000000100000000)
  eden space 111104K, 0% used [0x00000000f5580000,0x00000000f5580000,0x00000000fc200000)
  from space 1536K, 0% used [0x00000000fc200000,0x00000000fc200000,0x00000000fc380000)
  to   space 30720K, 0% used [0x00000000fe000000,0x00000000fe000000,0x00000000ffe00000)
 ParOldGen       total 145920K, used 69426K [0x00000000e0000000, 0x00000000e8e80000, 0x00000000f5580000)
  object space 145920K, 47% used [0x00000000e0000000,0x00000000e43ccb78,0x00000000e8e80000)
 Metaspace       used 96716K, capacity 103600K, committed 103808K, reserved 1138688K
  class space    used 11559K, capacity 13650K, committed 13696K, reserved 1048576K
}

