# JRE version: Java(TM) SE Runtime Environment (8.0_45-b15) (build 1.8.0_45-b15)
# Java VM: Java HotSpot(TM) 64-Bit Server VM (25.45-b02 mixed mode windows-amd64 compressed oops)
Heap:
 PSYoungGen      total 79360K, used 30323K [0x00000000f5580000, 0x00000000fc800000, 0x0000000100000000)
  eden space 55808K, 12% used [0x00000000f5580000,0x00000000f5c1d3a8,0x00000000f8c00000)
  from space 23552K, 99% used [0x00000000f8c00000,0x00000000fa2ffad0,0x00000000fa300000)
  to   space 27136K, 0% used [0x00000000fad80000,0x00000000fad80000,0x00000000fc800000)
 ParOldGen       total 104960K, used 41102K [0x00000000e0000000, 0x00000000e6680000, 0x00000000f5580000)
  object space 104960K, 39% used [0x00000000e0000000,0x00000000e2823870,0x00000000e6680000)
 Metaspace       used 78498K, capacity 84606K, committed 84736K, reserved 1122304K
  class space    used 9847K, capacity 11772K, committed 11776K, reserved 1048576K
GC Heap History (10 events):
Event: 4.885 GC heap before
{Heap before GC invocations=14 (full 3):
 PSYoungGen      total 57856K, used 16714K [0x00000000f5580000, 0x00000000fab00000, 0x0000000100000000)
  eden space 40960K, 0% used [0x00000000f5580000,0x00000000f5580000,0x00000000f7d80000)
  from space 16896K, 98% used [0x00000000f7d80000,0x00000000f8dd29b8,0x00000000f8e00000)
  to   space 18944K, 0% used [0x00000000f9880000,0x00000000f9880000,0x00000000fab00000)
 ParOldGen       total 72704K, used 23660K [0x00000000e0000000, 0x00000000e4700000, 0x00000000f5580000)
  object space 72704K, 32% used [0x00000000e0000000,0x00000000e171b160,0x00000000e4700000)
 Metaspace       used 54978K, capacity 59038K, committed 59136K, reserved 1099776K
  class space    used 6880K, capacity 8134K, committed 8192K, reserved 1048576K
Event: 4.994 GC heap after
Heap after GC invocations=14 (full 3):
 PSYoungGen      total 57856K, used 0K [0x00000000f5580000, 0x00000000fab00000, 0x0000000100000000)
  eden space 40960K, 0% used [0x00000000f5580000,0x00000000f5580000,0x00000000f7d80000)
  from space 16896K, 0% used [0x00000000f7d80000,0x00000000f7d80000,0x00000000f8e00000)
  to   space 18944K, 0% used [0x00000000f9880000,0x00000000f9880000,0x00000000fab00000)
 ParOldGen       total 104960K, used 37338K [0x00000000e0000000, 0x00000000e6680000, 0x00000000f5580000)
  object space 104960K, 35% used [0x00000000e0000000,0x00000000e2476bf0,0x00000000e6680000)
 Metaspace       used 54978K, capacity 59038K, committed 59136K, reserved 1099776K
  class space    used 6880K, capacity 8134K, committed 8192K, reserved 1048576K
}
Event: 5.197 GC heap before
{Heap before GC invocations=15 (full 3):
 PSYoungGen      total 57856K, used 40960K [0x00000000f5580000, 0x00000000fab00000, 0x0000000100000000)
  eden space 40960K, 100% used [0x00000000f5580000,0x00000000f7d80000,0x00000000f7d80000)
  from space 16896K, 0% used [0x00000000f7d80000,0x00000000f7d80000,0x00000000f8e00000)
  to   space 18944K, 0% used [0x00000000f9880000,0x00000000f9880000,0x00000000fab00000)
 ParOldGen       total 104960K, used 37338K [0x00000000e0000000, 0x00000000e6680000, 0x00000000f5580000)
  object space 104960K, 35% used [0x00000000e0000000,0x00000000e2476bf0,0x00000000e6680000)
 Metaspace       used 57669K, capacity 61662K, committed 61824K, reserved 1101824K
  class space    used 7255K, capacity 8518K, committed 8576K, reserved 1048576K
Event: 5.208 GC heap after
Heap after GC invocations=15 (full 3):
 PSYoungGen      total 67584K, used 7683K [0x00000000f5580000, 0x00000000faa00000, 0x0000000100000000)
  eden space 49664K, 0% used [0x00000000f5580000,0x00000000f5580000,0x00000000f8600000)
  from space 17920K, 42% used [0x00000000f9880000,0x00000000fa000da8,0x00000000faa00000)
  to   space 18432K, 0% used [0x00000000f8600000,0x00000000f8600000,0x00000000f9800000)
 ParOldGen       total 104960K, used 37346K [0x00000000e0000000, 0x00000000e6680000, 0x00000000f5580000)
  object space 104960K, 35% used [0x00000000e0000000,0x00000000e2478bf0,0x00000000e6680000)
 Metaspace       used 57669K, capacity 61662K, committed 61824K, reserved 1101824K
  class space    used 7255K, capacity 8518K, committed 8576K, reserved 1048576K
}
Event: 6.249 GC heap before
{Heap before GC invocations=16 (full 3):
 PSYoungGen      total 67584K, used 57347K [0x00000000f5580000, 0x00000000faa00000, 0x0000000100000000)
  eden space 49664K, 100% used [0x00000000f5580000,0x00000000f8600000,0x00000000f8600000)
  from space 17920K, 42% used [0x00000000f9880000,0x00000000fa000da8,0x00000000faa00000)
  to   space 18432K, 0% used [0x00000000f8600000,0x00000000f8600000,0x00000000f9800000)
 ParOldGen       total 104960K, used 37346K [0x00000000e0000000, 0x00000000e6680000, 0x00000000f5580000)
  object space 104960K, 35% used [0x00000000e0000000,0x00000000e2478bf0,0x00000000e6680000)
 Metaspace       used 63265K, capacity 67802K, committed 67968K, reserved 1107968K
  class space    used 8016K, capacity 9488K, committed 9600K, reserved 1048576K
Event: 6.258 GC heap after
Heap after GC invocations=16 (full 3):
 PSYoungGen      total 68096K, used 15970K [0x00000000f5580000, 0x00000000fb680000, 0x0000000100000000)
  eden space 49664K, 0% used [0x00000000f5580000,0x00000000f5580000,0x00000000f8600000)
  from space 18432K, 86% used [0x00000000f8600000,0x00000000f9598850,0x00000000f9800000)
  to   space 19968K, 0% used [0x00000000fa300000,0x00000000fa300000,0x00000000fb680000)
 ParOldGen       total 104960K, used 37354K [0x00000000e0000000, 0x00000000e6680000, 0x00000000f5580000)
  object space 104960K, 35% used [0x00000000e0000000,0x00000000e247abf0,0x00000000e6680000)
 Metaspace       used 63265K, capacity 67802K, committed 67968K, reserved 1107968K
  class space    used 8016K, capacity 9488K, committed 9600K, reserved 1048576K
}
Event: 23.152 GC heap before
{Heap before GC invocations=17 (full 3):
 PSYoungGen      total 68096K, used 65634K [0x00000000f5580000, 0x00000000fb680000, 0x0000000100000000)
  eden space 49664K, 100% used [0x00000000f5580000,0x00000000f8600000,0x00000000f8600000)
  from space 18432K, 86% used [0x00000000f8600000,0x00000000f9598850,0x00000000f9800000)
  to   space 19968K, 0% used [0x00000000fa300000,0x00000000fa300000,0x00000000fb680000)
 ParOldGen       total 104960K, used 37354K [0x00000000e0000000, 0x00000000e6680000, 0x00000000f5580000)
  object space 104960K, 35% used [0x00000000e0000000,0x00000000e247abf0,0x00000000e6680000)
 Metaspace       used 71411K, capacity 77090K, committed 77312K, reserved 1116160K
  class space    used 8956K, capacity 10742K, committed 10752K, reserved 1048576K
Event: 23.163 GC heap after
Heap after GC invocations=17 (full 3):
 PSYoungGen      total 75776K, used 19959K [0x00000000f5580000, 0x00000000fbc00000, 0x0000000100000000)
  eden space 55808K, 0% used [0x00000000f5580000,0x00000000f5580000,0x00000000f8c00000)
  from space 19968K, 99% used [0x00000000fa300000,0x00000000fb67dfd8,0x00000000fb680000)
  to   space 23552K, 0% used [0x00000000f8c00000,0x00000000f8c00000,0x00000000fa300000)
 ParOldGen       total 104960K, used 39965K [0x00000000e0000000, 0x00000000e6680000, 0x00000000f5580000)
  object space 104960K, 38% used [0x00000000e0000000,0x00000000e2707598,0x00000000e6680000)
 Metaspace       used 71411K, capacity 77090K, committed 77312K, reserved 1116160K
  class space    used 8956K, capacity 10742K, committed 10752K, reserved 1048576K
}
Event: 31.411 GC heap before
{Heap before GC invocations=18 (full 3):
 PSYoungGen      total 75776K, used 75767K [0x00000000f5580000, 0x00000000fbc00000, 0x0000000100000000)
  eden space 55808K, 100% used [0x00000000f5580000,0x00000000f8c00000,0x00000000f8c00000)
  from space 19968K, 99% used [0x00000000fa300000,0x00000000fb67dfd8,0x00000000fb680000)
  to   space 23552K, 0% used [0x00000000f8c00000,0x00000000f8c00000,0x00000000fa300000)
 ParOldGen       total 104960K, used 39965K [0x00000000e0000000, 0x00000000e6680000, 0x00000000f5580000)
  object space 104960K, 38% used [0x00000000e0000000,0x00000000e2707598,0x00000000e6680000)
 Metaspace       used 78142K, capacity 84344K, committed 84480K, reserved 1122304K
  class space    used 9812K, capacity 11770K, committed 11776K, reserved 1048576K
Event: 31.421 GC heap after
Heap after GC invocations=18 (full 3):
 PSYoungGen      total 79360K, used 23550K [0x00000000f5580000, 0x00000000fc800000, 0x0000000100000000)
  eden space 55808K, 0% used [0x00000000f5580000,0x00000000f5580000,0x00000000f8c00000)
  from space 23552K, 99% used [0x00000000f8c00000,0x00000000fa2ffad0,0x00000000fa300000)
  to   space 27136K, 0% used [0x00000000fad80000,0x00000000fad80000,0x00000000fc800000)
 ParOldGen       total 104960K, used 41102K [0x00000000e0000000, 0x00000000e6680000, 0x00000000f5580000)
  object space 104960K, 39% used [0x00000000e0000000,0x00000000e2823870,0x00000000e6680000)
 Metaspace       used 78142K, capacity 84344K, committed 84480K, reserved 1122304K
  class space    used 9812K, capacity 11770K, committed 11776K, reserved 1048576K
}

