# JRE version: Java(TM) SE Runtime Environment (8.0_45-b15) (build 1.8.0_45-b15)
# Java VM: Java HotSpot(TM) 64-Bit Server VM (25.45-b02 mixed mode windows-amd64 compressed oops)
Heap:
 PSYoungGen      total 116224K, used 92729K [0x00000000f5580000, 0x00000000fed80000, 0x0000000100000000)
  eden space 86016K, 83% used [0x00000000f5580000,0x00000000f9b96bb8,0x00000000fa980000)
  from space 30208K, 69% used [0x00000000fa980000,0x00000000fbdf7b58,0x00000000fc700000)
  to   space 30720K, 0% used [0x00000000fcf80000,0x00000000fcf80000,0x00000000fed80000)
 ParOldGen       total 105984K, used 36183K [0x00000000e0000000, 0x00000000e6780000, 0x00000000f5580000)
  object space 105984K, 34% used [0x00000000e0000000,0x00000000e2355c98,0x00000000e6780000)
 Metaspace       used 83391K, capacity 89958K, committed 90112K, reserved 1126400K
  class space    used 10468K, capacity 12488K, committed 12544K, reserved 1048576K
GC Heap History (10 events):
Event: 4.262 GC heap before
{Heap before GC invocations=14 (full 3):
 PSYoungGen      total 87040K, used 66048K [0x00000000f5580000, 0x00000000fc700000, 0x0000000100000000)
  eden space 66048K, 100% used [0x00000000f5580000,0x00000000f9600000,0x00000000f9600000)
  from space 20992K, 0% used [0x00000000fab00000,0x00000000fab00000,0x00000000fbf80000)
  to   space 21504K, 0% used [0x00000000f9600000,0x00000000f9600000,0x00000000fab00000)
 ParOldGen       total 105984K, used 34233K [0x00000000e0000000, 0x00000000e6780000, 0x00000000f5580000)
  object space 105984K, 32% used [0x00000000e0000000,0x00000000e216e570,0x00000000e6780000)
 Metaspace       used 60669K, capacity 65838K, committed 65920K, reserved 1105920K
  class space    used 7541K, capacity 9038K, committed 9088K, reserved 1048576K
Event: 4.268 GC heap after
Heap after GC invocations=14 (full 3):
 PSYoungGen      total 87552K, used 12450K [0x00000000f5580000, 0x00000000fcd00000, 0x0000000100000000)
  eden space 66048K, 0% used [0x00000000f5580000,0x00000000f5580000,0x00000000f9600000)
  from space 21504K, 57% used [0x00000000f9600000,0x00000000fa228818,0x00000000fab00000)
  to   space 20992K, 0% used [0x00000000fb880000,0x00000000fb880000,0x00000000fcd00000)
 ParOldGen       total 105984K, used 34241K [0x00000000e0000000, 0x00000000e6780000, 0x00000000f5580000)
  object space 105984K, 32% used [0x00000000e0000000,0x00000000e2170570,0x00000000e6780000)
 Metaspace       used 60669K, capacity 65838K, committed 65920K, reserved 1105920K
  class space    used 7541K, capacity 9038K, committed 9088K, reserved 1048576K
}
Event: 15.068 GC heap before
{Heap before GC invocations=15 (full 3):
 PSYoungGen      total 87552K, used 78498K [0x00000000f5580000, 0x00000000fcd00000, 0x0000000100000000)
  eden space 66048K, 100% used [0x00000000f5580000,0x00000000f9600000,0x00000000f9600000)
  from space 21504K, 57% used [0x00000000f9600000,0x00000000fa228818,0x00000000fab00000)
  to   space 20992K, 0% used [0x00000000fb880000,0x00000000fb880000,0x00000000fcd00000)
 ParOldGen       total 105984K, used 34241K [0x00000000e0000000, 0x00000000e6780000, 0x00000000f5580000)
  object space 105984K, 32% used [0x00000000e0000000,0x00000000e2170570,0x00000000e6780000)
 Metaspace       used 69926K, capacity 75864K, committed 76160K, reserved 1114112K
  class space    used 8724K, capacity 10556K, committed 10624K, reserved 1048576K
Event: 15.079 GC heap after
Heap after GC invocations=15 (full 3):
 PSYoungGen      total 98304K, used 20973K [0x00000000f5580000, 0x00000000fd080000, 0x0000000100000000)
  eden space 77312K, 0% used [0x00000000f5580000,0x00000000f5580000,0x00000000fa100000)
  from space 20992K, 99% used [0x00000000fb880000,0x00000000fccfb7e8,0x00000000fcd00000)
  to   space 24064K, 0% used [0x00000000fa100000,0x00000000fa100000,0x00000000fb880000)
 ParOldGen       total 105984K, used 35149K [0x00000000e0000000, 0x00000000e6780000, 0x00000000f5580000)
  object space 105984K, 33% used [0x00000000e0000000,0x00000000e2253798,0x00000000e6780000)
 Metaspace       used 69926K, capacity 75864K, committed 76160K, reserved 1114112K
  class space    used 8724K, capacity 10556K, committed 10624K, reserved 1048576K
}
Event: 30.065 GC heap before
{Heap before GC invocations=16 (full 3):
 PSYoungGen      total 98304K, used 98285K [0x00000000f5580000, 0x00000000fd080000, 0x0000000100000000)
  eden space 77312K, 100% used [0x00000000f5580000,0x00000000fa100000,0x00000000fa100000)
  from space 20992K, 99% used [0x00000000fb880000,0x00000000fccfb7e8,0x00000000fcd00000)
  to   space 24064K, 0% used [0x00000000fa100000,0x00000000fa100000,0x00000000fb880000)
 ParOldGen       total 105984K, used 35149K [0x00000000e0000000, 0x00000000e6780000, 0x00000000f5580000)
  object space 105984K, 33% used [0x00000000e0000000,0x00000000e2253798,0x00000000e6780000)
 Metaspace       used 77885K, capacity 84416K, committed 84608K, reserved 1122304K
  class space    used 9836K, capacity 11864K, committed 11904K, reserved 1048576K
Event: 30.075 GC heap after
Heap after GC invocations=16 (full 3):
 PSYoungGen      total 101376K, used 24057K [0x00000000f5580000, 0x00000000fe200000, 0x0000000100000000)
  eden space 77312K, 0% used [0x00000000f5580000,0x00000000f5580000,0x00000000fa100000)
  from space 24064K, 99% used [0x00000000fa100000,0x00000000fb87e748,0x00000000fb880000)
  to   space 27648K, 0% used [0x00000000fc700000,0x00000000fc700000,0x00000000fe200000)
 ParOldGen       total 105984K, used 36167K [0x00000000e0000000, 0x00000000e6780000, 0x00000000f5580000)
  object space 105984K, 34% used [0x00000000e0000000,0x00000000e2351c98,0x00000000e6780000)
 Metaspace       used 77885K, capacity 84416K, committed 84608K, reserved 1122304K
  class space    used 9836K, capacity 11864K, committed 11904K, reserved 1048576K
}
Event: 67.696 GC heap before
{Heap before GC invocations=17 (full 3):
 PSYoungGen      total 101376K, used 101369K [0x00000000f5580000, 0x00000000fe200000, 0x0000000100000000)
  eden space 77312K, 100% used [0x00000000f5580000,0x00000000fa100000,0x00000000fa100000)
  from space 24064K, 99% used [0x00000000fa100000,0x00000000fb87e748,0x00000000fb880000)
  to   space 27648K, 0% used [0x00000000fc700000,0x00000000fc700000,0x00000000fe200000)
 ParOldGen       total 105984K, used 36167K [0x00000000e0000000, 0x00000000e6780000, 0x00000000f5580000)
  object space 105984K, 34% used [0x00000000e0000000,0x00000000e2351c98,0x00000000e6780000)
 Metaspace       used 81185K, capacity 87732K, committed 87936K, reserved 1124352K
  class space    used 10290K, capacity 12388K, committed 12416K, reserved 1048576K
Event: 67.710 GC heap after
Heap after GC invocations=17 (full 3):
 PSYoungGen      total 113664K, used 23317K [0x00000000f5580000, 0x00000000fe500000, 0x0000000100000000)
  eden space 86016K, 0% used [0x00000000f5580000,0x00000000f5580000,0x00000000fa980000)
  from space 27648K, 84% used [0x00000000fc700000,0x00000000fddc5668,0x00000000fe200000)
  to   space 30208K, 0% used [0x00000000fa980000,0x00000000fa980000,0x00000000fc700000)
 ParOldGen       total 105984K, used 36175K [0x00000000e0000000, 0x00000000e6780000, 0x00000000f5580000)
  object space 105984K, 34% used [0x00000000e0000000,0x00000000e2353c98,0x00000000e6780000)
 Metaspace       used 81185K, capacity 87732K, committed 87936K, reserved 1124352K
  class space    used 10290K, capacity 12388K, committed 12416K, reserved 1048576K
}
Event: 204.816 GC heap before
{Heap before GC invocations=18 (full 3):
 PSYoungGen      total 113664K, used 109333K [0x00000000f5580000, 0x00000000fe500000, 0x0000000100000000)
  eden space 86016K, 100% used [0x00000000f5580000,0x00000000fa980000,0x00000000fa980000)
  from space 27648K, 84% used [0x00000000fc700000,0x00000000fddc5668,0x00000000fe200000)
  to   space 30208K, 0% used [0x00000000fa980000,0x00000000fa980000,0x00000000fc700000)
 ParOldGen       total 105984K, used 36175K [0x00000000e0000000, 0x00000000e6780000, 0x00000000f5580000)
  object space 105984K, 34% used [0x00000000e0000000,0x00000000e2353c98,0x00000000e6780000)
 Metaspace       used 81918K, capacity 88662K, committed 88832K, reserved 1126400K
  class space    used 10335K, capacity 12422K, committed 12544K, reserved 1048576K
Event: 204.823 GC heap after
Heap after GC invocations=18 (full 3):
 PSYoungGen      total 116224K, used 20958K [0x00000000f5580000, 0x00000000fed80000, 0x0000000100000000)
  eden space 86016K, 0% used [0x00000000f5580000,0x00000000f5580000,0x00000000fa980000)
  from space 30208K, 69% used [0x00000000fa980000,0x00000000fbdf7b58,0x00000000fc700000)
  to   space 30720K, 0% used [0x00000000fcf80000,0x00000000fcf80000,0x00000000fed80000)
 ParOldGen       total 105984K, used 36183K [0x00000000e0000000, 0x00000000e6780000, 0x00000000f5580000)
  object space 105984K, 34% used [0x00000000e0000000,0x00000000e2355c98,0x00000000e6780000)
 Metaspace       used 81918K, capacity 88662K, committed 88832K, reserved 1126400K
  class space    used 10335K, capacity 12422K, committed 12544K, reserved 1048576K
}

