# JRE version: Java(TM) SE Runtime Environment (8.0_45-b15) (build 1.8.0_45-b15)
# Java VM: Java HotSpot(TM) 64-Bit Server VM (25.45-b02 mixed mode windows-amd64 compressed oops)
Heap:
 PSYoungGen      total 105472K, used 75782K [0x00000000f5580000, 0x00000000fe680000, 0x0000000100000000)
  eden space 81920K, 63% used [0x00000000f5580000,0x00000000f8884c98,0x00000000fa580000)
  from space 23552K, 99% used [0x00000000fa780000,0x00000000fbe7cbb0,0x00000000fbe80000)
  to   space 33280K, 0% used [0x00000000fc600000,0x00000000fc600000,0x00000000fe680000)
 ParOldGen       total 113664K, used 45233K [0x00000000e0000000, 0x00000000e6f00000, 0x00000000f5580000)
  object space 113664K, 39% used [0x00000000e0000000,0x00000000e2c2c420,0x00000000e6f00000)
 Metaspace       used 88458K, capacity 94924K, committed 95104K, reserved 1132544K
  class space    used 10960K, capacity 12922K, committed 12928K, reserved 1048576K
GC Heap History (10 events):
Event: 64.207 GC heap before
{Heap before GC invocations=16 (full 3):
 PSYoungGen      total 104448K, used 104426K [0x00000000f5580000, 0x00000000fda80000, 0x0000000100000000)
  eden space 81408K, 100% used [0x00000000f5580000,0x00000000fa500000,0x00000000fa500000)
  from space 23040K, 99% used [0x00000000fbf00000,0x00000000fd57a968,0x00000000fd580000)
  to   space 26624K, 0% used [0x00000000fa500000,0x00000000fa500000,0x00000000fbf00000)
 ParOldGen       total 113664K, used 45129K [0x00000000e0000000, 0x00000000e6f00000, 0x00000000f5580000)
  object space 113664K, 39% used [0x00000000e0000000,0x00000000e2c12410,0x00000000e6f00000)
 Metaspace       used 80844K, capacity 87076K, committed 87296K, reserved 1124352K
  class space    used 10224K, capacity 12238K, committed 12288K, reserved 1048576K
Event: 64.218 GC heap after
Heap after GC invocations=16 (full 3):
 PSYoungGen      total 108032K, used 22044K [0x00000000f5580000, 0x00000000fe580000, 0x0000000100000000)
  eden space 81408K, 0% used [0x00000000f5580000,0x00000000f5580000,0x00000000fa500000)
  from space 26624K, 82% used [0x00000000fa500000,0x00000000fba87100,0x00000000fbf00000)
  to   space 28672K, 0% used [0x00000000fc980000,0x00000000fc980000,0x00000000fe580000)
 ParOldGen       total 113664K, used 45137K [0x00000000e0000000, 0x00000000e6f00000, 0x00000000f5580000)
  object space 113664K, 39% used [0x00000000e0000000,0x00000000e2c14410,0x00000000e6f00000)
 Metaspace       used 80844K, capacity 87076K, committed 87296K, reserved 1124352K
  class space    used 10224K, capacity 12238K, committed 12288K, reserved 1048576K
}
Event: 135.600 GC heap before
{Heap before GC invocations=17 (full 3):
 PSYoungGen      total 108032K, used 103452K [0x00000000f5580000, 0x00000000fe580000, 0x0000000100000000)
  eden space 81408K, 100% used [0x00000000f5580000,0x00000000fa500000,0x00000000fa500000)
  from space 26624K, 82% used [0x00000000fa500000,0x00000000fba87100,0x00000000fbf00000)
  to   space 28672K, 0% used [0x00000000fc980000,0x00000000fc980000,0x00000000fe580000)
 ParOldGen       total 113664K, used 45137K [0x00000000e0000000, 0x00000000e6f00000, 0x00000000f5580000)
  object space 113664K, 39% used [0x00000000e0000000,0x00000000e2c14410,0x00000000e6f00000)
 Metaspace       used 81652K, capacity 88074K, committed 88448K, reserved 1126400K
  class space    used 10252K, capacity 12310K, committed 12416K, reserved 1048576K
Event: 135.621 GC heap after
Heap after GC invocations=17 (full 3):
 PSYoungGen      total 117248K, used 20561K [0x00000000f5580000, 0x00000000fe700000, 0x0000000100000000)
  eden space 88576K, 0% used [0x00000000f5580000,0x00000000f5580000,0x00000000fac00000)
  from space 28672K, 71% used [0x00000000fc980000,0x00000000fdd94468,0x00000000fe580000)
  to   space 30208K, 0% used [0x00000000fac00000,0x00000000fac00000,0x00000000fc980000)
 ParOldGen       total 113664K, used 45145K [0x00000000e0000000, 0x00000000e6f00000, 0x00000000f5580000)
  object space 113664K, 39% used [0x00000000e0000000,0x00000000e2c16410,0x00000000e6f00000)
 Metaspace       used 81652K, capacity 88074K, committed 88448K, reserved 1126400K
  class space    used 10252K, capacity 12310K, committed 12416K, reserved 1048576K
}
Event: 278.983 GC heap before
{Heap before GC invocations=18 (full 3):
 PSYoungGen      total 117248K, used 109137K [0x00000000f5580000, 0x00000000fe700000, 0x0000000100000000)
  eden space 88576K, 100% used [0x00000000f5580000,0x00000000fac00000,0x00000000fac00000)
  from space 28672K, 71% used [0x00000000fc980000,0x00000000fdd94468,0x00000000fe580000)
  to   space 30208K, 0% used [0x00000000fac00000,0x00000000fac00000,0x00000000fc980000)
 ParOldGen       total 113664K, used 45145K [0x00000000e0000000, 0x00000000e6f00000, 0x00000000f5580000)
  object space 113664K, 39% used [0x00000000e0000000,0x00000000e2c16410,0x00000000e6f00000)
 Metaspace       used 82247K, capacity 88650K, committed 88960K, reserved 1126400K
  class space    used 10257K, capacity 12310K, committed 12416K, reserved 1048576K
Event: 278.993 GC heap after
Heap after GC invocations=18 (full 3):
 PSYoungGen      total 107520K, used 21237K [0x00000000f5580000, 0x00000000fe580000, 0x0000000100000000)
  eden space 86016K, 0% used [0x00000000f5580000,0x00000000f5580000,0x00000000fa980000)
  from space 21504K, 98% used [0x00000000fac00000,0x00000000fc0bd420,0x00000000fc100000)
  to   space 30720K, 0% used [0x00000000fc780000,0x00000000fc780000,0x00000000fe580000)
 ParOldGen       total 113664K, used 45153K [0x00000000e0000000, 0x00000000e6f00000, 0x00000000f5580000)
  object space 113664K, 39% used [0x00000000e0000000,0x00000000e2c18410,0x00000000e6f00000)
 Metaspace       used 82247K, capacity 88650K, committed 88960K, reserved 1126400K
  class space    used 10257K, capacity 12310K, committed 12416K, reserved 1048576K
}
Event: 1241.170 GC heap before
{Heap before GC invocations=19 (full 3):
 PSYoungGen      total 107520K, used 107253K [0x00000000f5580000, 0x00000000fe580000, 0x0000000100000000)
  eden space 86016K, 100% used [0x00000000f5580000,0x00000000fa980000,0x00000000fa980000)
  from space 21504K, 98% used [0x00000000fac00000,0x00000000fc0bd420,0x00000000fc100000)
  to   space 30720K, 0% used [0x00000000fc780000,0x00000000fc780000,0x00000000fe580000)
 ParOldGen       total 113664K, used 45153K [0x00000000e0000000, 0x00000000e6f00000, 0x00000000f5580000)
  object space 113664K, 39% used [0x00000000e0000000,0x00000000e2c18410,0x00000000e6f00000)
 Metaspace       used 82834K, capacity 89328K, committed 89728K, reserved 1126400K
  class space    used 10292K, capacity 12343K, committed 12416K, reserved 1048576K
Event: 1241.181 GC heap after
Heap after GC invocations=19 (full 3):
 PSYoungGen      total 114688K, used 22866K [0x00000000f5580000, 0x00000000fe680000, 0x0000000100000000)
  eden space 83968K, 0% used [0x00000000f5580000,0x00000000f5580000,0x00000000fa780000)
  from space 30720K, 74% used [0x00000000fc780000,0x00000000fddd48d8,0x00000000fe580000)
  to   space 32256K, 0% used [0x00000000fa780000,0x00000000fa780000,0x00000000fc700000)
 ParOldGen       total 113664K, used 45161K [0x00000000e0000000, 0x00000000e6f00000, 0x00000000f5580000)
  object space 113664K, 39% used [0x00000000e0000000,0x00000000e2c1a410,0x00000000e6f00000)
 Metaspace       used 82834K, capacity 89328K, committed 89728K, reserved 1126400K
  class space    used 10292K, capacity 12343K, committed 12416K, reserved 1048576K
}
Event: 1339.796 GC heap before
{Heap before GC invocations=20 (full 3):
 PSYoungGen      total 114688K, used 106834K [0x00000000f5580000, 0x00000000fe680000, 0x0000000100000000)
  eden space 83968K, 100% used [0x00000000f5580000,0x00000000fa780000,0x00000000fa780000)
  from space 30720K, 74% used [0x00000000fc780000,0x00000000fddd48d8,0x00000000fe580000)
  to   space 32256K, 0% used [0x00000000fa780000,0x00000000fa780000,0x00000000fc700000)
 ParOldGen       total 113664K, used 45161K [0x00000000e0000000, 0x00000000e6f00000, 0x00000000f5580000)
  object space 113664K, 39% used [0x00000000e0000000,0x00000000e2c1a410,0x00000000e6f00000)
 Metaspace       used 84627K, capacity 91178K, committed 91392K, reserved 1128448K
  class space    used 10488K, capacity 12482K, committed 12544K, reserved 1048576K
Event: 1339.809 GC heap after
Heap after GC invocations=20 (full 3):
 PSYoungGen      total 105472K, used 23538K [0x00000000f5580000, 0x00000000fe680000, 0x0000000100000000)
  eden space 81920K, 0% used [0x00000000f5580000,0x00000000f5580000,0x00000000fa580000)
  from space 23552K, 99% used [0x00000000fa780000,0x00000000fbe7cbb0,0x00000000fbe80000)
  to   space 33280K, 0% used [0x00000000fc600000,0x00000000fc600000,0x00000000fe680000)
 ParOldGen       total 113664K, used 45233K [0x00000000e0000000, 0x00000000e6f00000, 0x00000000f5580000)
  object space 113664K, 39% used [0x00000000e0000000,0x00000000e2c2c420,0x00000000e6f00000)
 Metaspace       used 84627K, capacity 91178K, committed 91392K, reserved 1128448K
  class space    used 10488K, capacity 12482K, committed 12544K, reserved 1048576K
}

