# JRE version: Java(TM) SE Runtime Environment (8.0_45-b15) (build 1.8.0_45-b15)
# Java VM: Java HotSpot(TM) 64-Bit Server VM (25.45-b02 mixed mode windows-amd64 compressed oops)
Heap:
 PSYoungGen      total 71680K, used 41993K [0x00000000f5580000, 0x00000000fba80000, 0x0000000100000000)
  eden space 50176K, 40% used [0x00000000f5580000,0x00000000f69893e0,0x00000000f8680000)
  from space 21504K, 99% used [0x00000000f8680000,0x00000000f9b79038,0x00000000f9b80000)
  to   space 24576K, 0% used [0x00000000fa280000,0x00000000fa280000,0x00000000fba80000)
 ParOldGen       total 108032K, used 37252K [0x00000000e0000000, 0x00000000e6980000, 0x00000000f5580000)
  object space 108032K, 34% used [0x00000000e0000000,0x00000000e2461070,0x00000000e6980000)
 Metaspace       used 78990K, capacity 85522K, committed 85632K, reserved 1122304K
  class space    used 9896K, capacity 11822K, committed 11904K, reserved 1048576K
GC Heap History (10 events):
Event: 4.367 GC heap before
{Heap before GC invocations=16 (full 3):
 PSYoungGen      total 55808K, used 38400K [0x00000000f5580000, 0x00000000fa300000, 0x0000000100000000)
  eden space 38400K, 100% used [0x00000000f5580000,0x00000000f7b00000,0x00000000f7b00000)
  from space 17408K, 0% used [0x00000000f8d80000,0x00000000f8d80000,0x00000000f9e80000)
  to   space 18944K, 0% used [0x00000000f7b00000,0x00000000f7b00000,0x00000000f8d80000)
 ParOldGen       total 108032K, used 35858K [0x00000000e0000000, 0x00000000e6980000, 0x00000000f5580000)
  object space 108032K, 33% used [0x00000000e0000000,0x00000000e2304960,0x00000000e6980000)
 Metaspace       used 61453K, capacity 66320K, committed 66432K, reserved 1105920K
  class space    used 7645K, capacity 9077K, committed 9088K, reserved 1048576K
Event: 4.372 GC heap after
Heap after GC invocations=16 (full 3):
 PSYoungGen      total 57344K, used 9827K [0x00000000f5580000, 0x00000000fa380000, 0x0000000100000000)
  eden space 38400K, 0% used [0x00000000f5580000,0x00000000f5580000,0x00000000f7b00000)
  from space 18944K, 51% used [0x00000000f7b00000,0x00000000f8498de8,0x00000000f8d80000)
  to   space 17920K, 0% used [0x00000000f9200000,0x00000000f9200000,0x00000000fa380000)
 ParOldGen       total 108032K, used 35866K [0x00000000e0000000, 0x00000000e6980000, 0x00000000f5580000)
  object space 108032K, 33% used [0x00000000e0000000,0x00000000e2306960,0x00000000e6980000)
 Metaspace       used 61453K, capacity 66320K, committed 66432K, reserved 1105920K
  class space    used 7645K, capacity 9077K, committed 9088K, reserved 1048576K
}
Event: 4.498 GC heap before
{Heap before GC invocations=17 (full 3):
 PSYoungGen      total 57344K, used 48227K [0x00000000f5580000, 0x00000000fa380000, 0x0000000100000000)
  eden space 38400K, 100% used [0x00000000f5580000,0x00000000f7b00000,0x00000000f7b00000)
  from space 18944K, 51% used [0x00000000f7b00000,0x00000000f8498de8,0x00000000f8d80000)
  to   space 17920K, 0% used [0x00000000f9200000,0x00000000f9200000,0x00000000fa380000)
 ParOldGen       total 108032K, used 35866K [0x00000000e0000000, 0x00000000e6980000, 0x00000000f5580000)
  object space 108032K, 33% used [0x00000000e0000000,0x00000000e2306960,0x00000000e6980000)
 Metaspace       used 62667K, capacity 67596K, committed 67712K, reserved 1107968K
  class space    used 7819K, capacity 9241K, committed 9344K, reserved 1048576K
Event: 4.502 GC heap after
Heap after GC invocations=17 (full 3):
 PSYoungGen      total 62464K, used 8893K [0x00000000f5580000, 0x00000000fa380000, 0x0000000100000000)
  eden space 44544K, 0% used [0x00000000f5580000,0x00000000f5580000,0x00000000f8100000)
  from space 17920K, 49% used [0x00000000f9200000,0x00000000f9aaf770,0x00000000fa380000)
  to   space 17408K, 0% used [0x00000000f8100000,0x00000000f8100000,0x00000000f9200000)
 ParOldGen       total 108032K, used 35874K [0x00000000e0000000, 0x00000000e6980000, 0x00000000f5580000)
  object space 108032K, 33% used [0x00000000e0000000,0x00000000e2308960,0x00000000e6980000)
 Metaspace       used 62667K, capacity 67596K, committed 67712K, reserved 1107968K
  class space    used 7819K, capacity 9241K, committed 9344K, reserved 1048576K
}
Event: 4.923 GC heap before
{Heap before GC invocations=18 (full 3):
 PSYoungGen      total 62464K, used 53437K [0x00000000f5580000, 0x00000000fa380000, 0x0000000100000000)
  eden space 44544K, 100% used [0x00000000f5580000,0x00000000f8100000,0x00000000f8100000)
  from space 17920K, 49% used [0x00000000f9200000,0x00000000f9aaf770,0x00000000fa380000)
  to   space 17408K, 0% used [0x00000000f8100000,0x00000000f8100000,0x00000000f9200000)
 ParOldGen       total 108032K, used 35874K [0x00000000e0000000, 0x00000000e6980000, 0x00000000f5580000)
  object space 108032K, 33% used [0x00000000e0000000,0x00000000e2308960,0x00000000e6980000)
 Metaspace       used 68161K, capacity 73476K, committed 73728K, reserved 1112064K
  class space    used 8515K, capacity 10178K, committed 10240K, reserved 1048576K
Event: 4.931 GC heap after
Heap after GC invocations=18 (full 3):
 PSYoungGen      total 61952K, used 17393K [0x00000000f5580000, 0x00000000fae80000, 0x0000000100000000)
  eden space 44544K, 0% used [0x00000000f5580000,0x00000000f5580000,0x00000000f8100000)
  from space 17408K, 99% used [0x00000000f8100000,0x00000000f91fc640,0x00000000f9200000)
  to   space 19456K, 0% used [0x00000000f9b80000,0x00000000f9b80000,0x00000000fae80000)
 ParOldGen       total 108032K, used 36219K [0x00000000e0000000, 0x00000000e6980000, 0x00000000f5580000)
  object space 108032K, 33% used [0x00000000e0000000,0x00000000e235ed70,0x00000000e6980000)
 Metaspace       used 68161K, capacity 73476K, committed 73728K, reserved 1112064K
  class space    used 8515K, capacity 10178K, committed 10240K, reserved 1048576K
}
Event: 156.726 GC heap before
{Heap before GC invocations=19 (full 3):
 PSYoungGen      total 61952K, used 61937K [0x00000000f5580000, 0x00000000fae80000, 0x0000000100000000)
  eden space 44544K, 100% used [0x00000000f5580000,0x00000000f8100000,0x00000000f8100000)
  from space 17408K, 99% used [0x00000000f8100000,0x00000000f91fc640,0x00000000f9200000)
  to   space 19456K, 0% used [0x00000000f9b80000,0x00000000f9b80000,0x00000000fae80000)
 ParOldGen       total 108032K, used 36219K [0x00000000e0000000, 0x00000000e6980000, 0x00000000f5580000)
  object space 108032K, 33% used [0x00000000e0000000,0x00000000e235ed70,0x00000000e6980000)
 Metaspace       used 72204K, capacity 78394K, committed 78592K, reserved 1116160K
  class space    used 9041K, capacity 10922K, committed 11008K, reserved 1048576K
Event: 156.735 GC heap after
Heap after GC invocations=19 (full 3):
 PSYoungGen      total 69632K, used 18053K [0x00000000f5580000, 0x00000000fb180000, 0x0000000100000000)
  eden space 50176K, 0% used [0x00000000f5580000,0x00000000f5580000,0x00000000f8680000)
  from space 19456K, 92% used [0x00000000f9b80000,0x00000000fad21790,0x00000000fae80000)
  to   space 21504K, 0% used [0x00000000f8680000,0x00000000f8680000,0x00000000f9b80000)
 ParOldGen       total 108032K, used 36227K [0x00000000e0000000, 0x00000000e6980000, 0x00000000f5580000)
  object space 108032K, 33% used [0x00000000e0000000,0x00000000e2360d70,0x00000000e6980000)
 Metaspace       used 72204K, capacity 78394K, committed 78592K, reserved 1116160K
  class space    used 9041K, capacity 10922K, committed 11008K, reserved 1048576K
}
Event: 167.444 GC heap before
{Heap before GC invocations=20 (full 3):
 PSYoungGen      total 69632K, used 68229K [0x00000000f5580000, 0x00000000fb180000, 0x0000000100000000)
  eden space 50176K, 100% used [0x00000000f5580000,0x00000000f8680000,0x00000000f8680000)
  from space 19456K, 92% used [0x00000000f9b80000,0x00000000fad21790,0x00000000fae80000)
  to   space 21504K, 0% used [0x00000000f8680000,0x00000000f8680000,0x00000000f9b80000)
 ParOldGen       total 108032K, used 36227K [0x00000000e0000000, 0x00000000e6980000, 0x00000000f5580000)
  object space 108032K, 33% used [0x00000000e0000000,0x00000000e2360d70,0x00000000e6980000)
 Metaspace       used 77795K, capacity 84090K, committed 84224K, reserved 1122304K
  class space    used 9771K, capacity 11753K, committed 11776K, reserved 1048576K
Event: 167.452 GC heap after
Heap after GC invocations=20 (full 3):
 PSYoungGen      total 71680K, used 21476K [0x00000000f5580000, 0x00000000fba80000, 0x0000000100000000)
  eden space 50176K, 0% used [0x00000000f5580000,0x00000000f5580000,0x00000000f8680000)
  from space 21504K, 99% used [0x00000000f8680000,0x00000000f9b79038,0x00000000f9b80000)
  to   space 24576K, 0% used [0x00000000fa280000,0x00000000fa280000,0x00000000fba80000)
 ParOldGen       total 108032K, used 37252K [0x00000000e0000000, 0x00000000e6980000, 0x00000000f5580000)
  object space 108032K, 34% used [0x00000000e0000000,0x00000000e2461070,0x00000000e6980000)
 Metaspace       used 77795K, capacity 84090K, committed 84224K, reserved 1122304K
  class space    used 9771K, capacity 11753K, committed 11776K, reserved 1048576K
}

