# JRE version: Java(TM) SE Runtime Environment (8.0_45-b15) (build 1.8.0_45-b15)
# Java VM: Java HotSpot(TM) 64-Bit Server VM (25.45-b02 mixed mode windows-amd64 compressed oops)
Heap:
 PSYoungGen      total 115712K, used 88258K [0x00000000f5580000, 0x00000000fe680000, 0x0000000100000000)
  eden space 87552K, 90% used [0x00000000f5580000,0x00000000fa29fcf0,0x00000000fab00000)
  from space 28160K, 32% used [0x00000000fab00000,0x00000000fb410cf8,0x00000000fc680000)
  to   space 27136K, 0% used [0x00000000fcc00000,0x00000000fcc00000,0x00000000fe680000)
 ParOldGen       total 108032K, used 53182K [0x00000000e0000000, 0x00000000e6980000, 0x00000000f5580000)
  object space 108032K, 49% used [0x00000000e0000000,0x00000000e33efa38,0x00000000e6980000)
 Metaspace       used 90039K, capacity 96696K, committed 97024K, reserved 1132544K
  class space    used 11249K, capacity 13236K, committed 13312K, reserved 1048576K
GC Heap History (10 events):
Event: 96.519 GC heap before
{Heap before GC invocations=18 (full 4):
 PSYoungGen      total 105984K, used 21773K [0x00000000f5580000, 0x00000000fdc80000, 0x0000000100000000)
  eden space 79872K, 0% used [0x00000000f5580000,0x00000000f5580000,0x00000000fa380000)
  from space 26112K, 83% used [0x00000000fbf00000,0x00000000fd4437c0,0x00000000fd880000)
  to   space 28160K, 0% used [0x00000000fa380000,0x00000000fa380000,0x00000000fbf00000)
 ParOldGen       total 108032K, used 34298K [0x00000000e0000000, 0x00000000e6980000, 0x00000000f5580000)
  object space 108032K, 31% used [0x00000000e0000000,0x00000000e217ea88,0x00000000e6980000)
 Metaspace       used 76192K, capacity 82566K, committed 82816K, reserved 1120256K
  class space    used 9551K, capacity 11546K, committed 11648K, reserved 1048576K
Event: 96.771 GC heap after
Heap after GC invocations=18 (full 4):
 PSYoungGen      total 105984K, used 0K [0x00000000f5580000, 0x00000000fdc80000, 0x0000000100000000)
  eden space 79872K, 0% used [0x00000000f5580000,0x00000000f5580000,0x00000000fa380000)
  from space 26112K, 0% used [0x00000000fbf00000,0x00000000fbf00000,0x00000000fd880000)
  to   space 28160K, 0% used [0x00000000fa380000,0x00000000fa380000,0x00000000fbf00000)
 ParOldGen       total 108032K, used 54523K [0x00000000e0000000, 0x00000000e6980000, 0x00000000f5580000)
  object space 108032K, 50% used [0x00000000e0000000,0x00000000e353ec60,0x00000000e6980000)
 Metaspace       used 76192K, capacity 82566K, committed 82816K, reserved 1120256K
  class space    used 9551K, capacity 11546K, committed 11648K, reserved 1048576K
}
Event: 185.423 GC heap before
{Heap before GC invocations=19 (full 4):
 PSYoungGen      total 105984K, used 79872K [0x00000000f5580000, 0x00000000fdc80000, 0x0000000100000000)
  eden space 79872K, 100% used [0x00000000f5580000,0x00000000fa380000,0x00000000fa380000)
  from space 26112K, 0% used [0x00000000fbf00000,0x00000000fbf00000,0x00000000fd880000)
  to   space 28160K, 0% used [0x00000000fa380000,0x00000000fa380000,0x00000000fbf00000)
 ParOldGen       total 108032K, used 54523K [0x00000000e0000000, 0x00000000e6980000, 0x00000000f5580000)
  object space 108032K, 50% used [0x00000000e0000000,0x00000000e353ec60,0x00000000e6980000)
 Metaspace       used 77431K, capacity 83752K, committed 83840K, reserved 1122304K
  class space    used 9591K, capacity 11580K, committed 11648K, reserved 1048576K
Event: 185.426 GC heap after
Heap after GC invocations=19 (full 4):
 PSYoungGen      total 108032K, used 3708K [0x00000000f5580000, 0x00000000fe200000, 0x0000000100000000)
  eden space 79872K, 0% used [0x00000000f5580000,0x00000000f5580000,0x00000000fa380000)
  from space 28160K, 13% used [0x00000000fa380000,0x00000000fa71f058,0x00000000fbf00000)
  to   space 28160K, 0% used [0x00000000fc680000,0x00000000fc680000,0x00000000fe200000)
 ParOldGen       total 108032K, used 54531K [0x00000000e0000000, 0x00000000e6980000, 0x00000000f5580000)
  object space 108032K, 50% used [0x00000000e0000000,0x00000000e3540c60,0x00000000e6980000)
 Metaspace       used 77431K, capacity 83752K, committed 83840K, reserved 1122304K
  class space    used 9591K, capacity 11580K, committed 11648K, reserved 1048576K
}
Event: 191.917 GC heap before
{Heap before GC invocations=20 (full 4):
 PSYoungGen      total 108032K, used 64011K [0x00000000f5580000, 0x00000000fe200000, 0x0000000100000000)
  eden space 79872K, 75% used [0x00000000f5580000,0x00000000f9063e98,0x00000000fa380000)
  from space 28160K, 13% used [0x00000000fa380000,0x00000000fa71f058,0x00000000fbf00000)
  to   space 28160K, 0% used [0x00000000fc680000,0x00000000fc680000,0x00000000fe200000)
 ParOldGen       total 108032K, used 54531K [0x00000000e0000000, 0x00000000e6980000, 0x00000000f5580000)
  object space 108032K, 50% used [0x00000000e0000000,0x00000000e3540c60,0x00000000e6980000)
 Metaspace       used 78278K, capacity 84680K, committed 84864K, reserved 1122304K
  class space    used 9635K, capacity 11612K, committed 11648K, reserved 1048576K
Event: 191.925 GC heap after
Heap after GC invocations=20 (full 4):
 PSYoungGen      total 115712K, used 3338K [0x00000000f5580000, 0x00000000fe200000, 0x0000000100000000)
  eden space 87552K, 0% used [0x00000000f5580000,0x00000000f5580000,0x00000000fab00000)
  from space 28160K, 11% used [0x00000000fc680000,0x00000000fc9c2ae0,0x00000000fe200000)
  to   space 28160K, 0% used [0x00000000fab00000,0x00000000fab00000,0x00000000fc680000)
 ParOldGen       total 108032K, used 54539K [0x00000000e0000000, 0x00000000e6980000, 0x00000000f5580000)
  object space 108032K, 50% used [0x00000000e0000000,0x00000000e3542c60,0x00000000e6980000)
 Metaspace       used 78278K, capacity 84680K, committed 84864K, reserved 1122304K
  class space    used 9635K, capacity 11612K, committed 11648K, reserved 1048576K
}
Event: 191.925 GC heap before
{Heap before GC invocations=21 (full 5):
 PSYoungGen      total 115712K, used 3338K [0x00000000f5580000, 0x00000000fe200000, 0x0000000100000000)
  eden space 87552K, 0% used [0x00000000f5580000,0x00000000f5580000,0x00000000fab00000)
  from space 28160K, 11% used [0x00000000fc680000,0x00000000fc9c2ae0,0x00000000fe200000)
  to   space 28160K, 0% used [0x00000000fab00000,0x00000000fab00000,0x00000000fc680000)
 ParOldGen       total 108032K, used 54539K [0x00000000e0000000, 0x00000000e6980000, 0x00000000f5580000)
  object space 108032K, 50% used [0x00000000e0000000,0x00000000e3542c60,0x00000000e6980000)
 Metaspace       used 78278K, capacity 84680K, committed 84864K, reserved 1122304K
  class space    used 9635K, capacity 11612K, committed 11648K, reserved 1048576K
Event: 192.194 GC heap after
Heap after GC invocations=21 (full 5):
 PSYoungGen      total 115712K, used 0K [0x00000000f5580000, 0x00000000fe200000, 0x0000000100000000)
  eden space 87552K, 0% used [0x00000000f5580000,0x00000000f5580000,0x00000000fab00000)
  from space 28160K, 0% used [0x00000000fc680000,0x00000000fc680000,0x00000000fe200000)
  to   space 28160K, 0% used [0x00000000fab00000,0x00000000fab00000,0x00000000fc680000)
 ParOldGen       total 108032K, used 53174K [0x00000000e0000000, 0x00000000e6980000, 0x00000000f5580000)
  object space 108032K, 49% used [0x00000000e0000000,0x00000000e33eda38,0x00000000e6980000)
 Metaspace       used 78278K, capacity 84680K, committed 84864K, reserved 1122304K
  class space    used 9635K, capacity 11612K, committed 11648K, reserved 1048576K
}
Event: 243.545 GC heap before
{Heap before GC invocations=22 (full 5):
 PSYoungGen      total 115712K, used 87552K [0x00000000f5580000, 0x00000000fe200000, 0x0000000100000000)
  eden space 87552K, 100% used [0x00000000f5580000,0x00000000fab00000,0x00000000fab00000)
  from space 28160K, 0% used [0x00000000fc680000,0x00000000fc680000,0x00000000fe200000)
  to   space 28160K, 0% used [0x00000000fab00000,0x00000000fab00000,0x00000000fc680000)
 ParOldGen       total 108032K, used 53174K [0x00000000e0000000, 0x00000000e6980000, 0x00000000f5580000)
  object space 108032K, 49% used [0x00000000e0000000,0x00000000e33eda38,0x00000000e6980000)
 Metaspace       used 84299K, capacity 91152K, committed 91392K, reserved 1128448K
  class space    used 10499K, capacity 12544K, committed 12544K, reserved 1048576K
Event: 243.550 GC heap after
Heap after GC invocations=22 (full 5):
 PSYoungGen      total 115712K, used 9283K [0x00000000f5580000, 0x00000000fe680000, 0x0000000100000000)
  eden space 87552K, 0% used [0x00000000f5580000,0x00000000f5580000,0x00000000fab00000)
  from space 28160K, 32% used [0x00000000fab00000,0x00000000fb410cf8,0x00000000fc680000)
  to   space 27136K, 0% used [0x00000000fcc00000,0x00000000fcc00000,0x00000000fe680000)
 ParOldGen       total 108032K, used 53182K [0x00000000e0000000, 0x00000000e6980000, 0x00000000f5580000)
  object space 108032K, 49% used [0x00000000e0000000,0x00000000e33efa38,0x00000000e6980000)
 Metaspace       used 84299K, capacity 91152K, committed 91392K, reserved 1128448K
  class space    used 10499K, capacity 12544K, committed 12544K, reserved 1048576K
}

