# JRE version: Java(TM) SE Runtime Environment (8.0_45-b15) (build 1.8.0_45-b15)
# Java VM: Java HotSpot(TM) 64-Bit Server VM (25.45-b02 mixed mode windows-amd64 compressed oops)
Heap:
 PSYoungGen      total 82944K, used 34030K [0x00000000f5580000, 0x00000000fcd00000, 0x0000000100000000)
  eden space 47616K, 17% used [0x00000000f5580000,0x00000000f5d9a0a0,0x00000000f8400000)
  from space 35328K, 72% used [0x00000000fa800000,0x00000000fc121ae0,0x00000000fca80000)
  to   space 36864K, 0% used [0x00000000f8400000,0x00000000f8400000,0x00000000fa800000)
 ParOldGen       total 108544K, used 44917K [0x00000000e0000000, 0x00000000e6a00000, 0x00000000f5580000)
  object space 108544K, 41% used [0x00000000e0000000,0x00000000e2bdd650,0x00000000e6a00000)
 Metaspace       used 86212K, capacity 93026K, committed 93312K, reserved 1130496K
  class space    used 10995K, capacity 13161K, committed 13184K, reserved 1048576K
GC Heap History (10 events):
Event: 22.427 GC heap before
{Heap before GC invocations=19 (full 3):
 PSYoungGen      total 60928K, used 60907K [0x00000000f5580000, 0x00000000fae80000, 0x0000000100000000)
  eden space 44032K, 100% used [0x00000000f5580000,0x00000000f8080000,0x00000000f8080000)
  from space 16896K, 99% used [0x00000000f8080000,0x00000000f90faec8,0x00000000f9100000)
  to   space 19968K, 0% used [0x00000000f9b00000,0x00000000f9b00000,0x00000000fae80000)
 ParOldGen       total 108544K, used 37633K [0x00000000e0000000, 0x00000000e6a00000, 0x00000000f5580000)
  object space 108544K, 34% used [0x00000000e0000000,0x00000000e24c0668,0x00000000e6a00000)
 Metaspace       used 74577K, capacity 80888K, committed 81152K, reserved 1118208K
  class space    used 9429K, capacity 11431K, committed 11520K, reserved 1048576K
Event: 22.437 GC heap after
Heap after GC invocations=19 (full 3):
 PSYoungGen      total 66560K, used 19942K [0x00000000f5580000, 0x00000000fb680000, 0x0000000100000000)
  eden space 46592K, 0% used [0x00000000f5580000,0x00000000f5580000,0x00000000f8300000)
  from space 19968K, 99% used [0x00000000f9b00000,0x00000000fae79850,0x00000000fae80000)
  to   space 24576K, 0% used [0x00000000f8300000,0x00000000f8300000,0x00000000f9b00000)
 ParOldGen       total 108544K, used 42940K [0x00000000e0000000, 0x00000000e6a00000, 0x00000000f5580000)
  object space 108544K, 39% used [0x00000000e0000000,0x00000000e29ef3d0,0x00000000e6a00000)
 Metaspace       used 74577K, capacity 80888K, committed 81152K, reserved 1118208K
  class space    used 9429K, capacity 11431K, committed 11520K, reserved 1048576K
}
Event: 34.449 GC heap before
{Heap before GC invocations=20 (full 3):
 PSYoungGen      total 66560K, used 66534K [0x00000000f5580000, 0x00000000fb680000, 0x0000000100000000)
  eden space 46592K, 100% used [0x00000000f5580000,0x00000000f8300000,0x00000000f8300000)
  from space 19968K, 99% used [0x00000000f9b00000,0x00000000fae79850,0x00000000fae80000)
  to   space 24576K, 0% used [0x00000000f8300000,0x00000000f8300000,0x00000000f9b00000)
 ParOldGen       total 108544K, used 42940K [0x00000000e0000000, 0x00000000e6a00000, 0x00000000f5580000)
  object space 108544K, 39% used [0x00000000e0000000,0x00000000e29ef3d0,0x00000000e6a00000)
 Metaspace       used 79123K, capacity 85708K, committed 85888K, reserved 1122304K
  class space    used 10072K, capacity 12114K, committed 12160K, reserved 1048576K
Event: 34.460 GC heap after
Heap after GC invocations=20 (full 3):
 PSYoungGen      total 71168K, used 24553K [0x00000000f5580000, 0x00000000fbe80000, 0x0000000100000000)
  eden space 46592K, 0% used [0x00000000f5580000,0x00000000f5580000,0x00000000f8300000)
  from space 24576K, 99% used [0x00000000f8300000,0x00000000f9afa550,0x00000000f9b00000)
  to   space 28672K, 0% used [0x00000000fa280000,0x00000000fa280000,0x00000000fbe80000)
 ParOldGen       total 108544K, used 44893K [0x00000000e0000000, 0x00000000e6a00000, 0x00000000f5580000)
  object space 108544K, 41% used [0x00000000e0000000,0x00000000e2bd7650,0x00000000e6a00000)
 Metaspace       used 79123K, capacity 85708K, committed 85888K, reserved 1122304K
  class space    used 10072K, capacity 12114K, committed 12160K, reserved 1048576K
}
Event: 45.603 GC heap before
{Heap before GC invocations=21 (full 3):
 PSYoungGen      total 71168K, used 71145K [0x00000000f5580000, 0x00000000fbe80000, 0x0000000100000000)
  eden space 46592K, 100% used [0x00000000f5580000,0x00000000f8300000,0x00000000f8300000)
  from space 24576K, 99% used [0x00000000f8300000,0x00000000f9afa550,0x00000000f9b00000)
  to   space 28672K, 0% used [0x00000000fa280000,0x00000000fa280000,0x00000000fbe80000)
 ParOldGen       total 108544K, used 44893K [0x00000000e0000000, 0x00000000e6a00000, 0x00000000f5580000)
  object space 108544K, 41% used [0x00000000e0000000,0x00000000e2bd7650,0x00000000e6a00000)
 Metaspace       used 82044K, capacity 88666K, committed 88960K, reserved 1126400K
  class space    used 10460K, capacity 12606K, committed 12672K, reserved 1048576K
Event: 45.612 GC heap after
Heap after GC invocations=21 (full 3):
 PSYoungGen      total 75264K, used 26843K [0x00000000f5580000, 0x00000000fc500000, 0x0000000100000000)
  eden space 46592K, 0% used [0x00000000f5580000,0x00000000f5580000,0x00000000f8300000)
  from space 28672K, 93% used [0x00000000fa280000,0x00000000fbcb6eb8,0x00000000fbe80000)
  to   space 32256K, 0% used [0x00000000f8300000,0x00000000f8300000,0x00000000fa280000)
 ParOldGen       total 108544K, used 44901K [0x00000000e0000000, 0x00000000e6a00000, 0x00000000f5580000)
  object space 108544K, 41% used [0x00000000e0000000,0x00000000e2bd9650,0x00000000e6a00000)
 Metaspace       used 82044K, capacity 88666K, committed 88960K, reserved 1126400K
  class space    used 10460K, capacity 12606K, committed 12672K, reserved 1048576K
}
Event: 65.183 GC heap before
{Heap before GC invocations=22 (full 3):
 PSYoungGen      total 75264K, used 73435K [0x00000000f5580000, 0x00000000fc500000, 0x0000000100000000)
  eden space 46592K, 100% used [0x00000000f5580000,0x00000000f8300000,0x00000000f8300000)
  from space 28672K, 93% used [0x00000000fa280000,0x00000000fbcb6eb8,0x00000000fbe80000)
  to   space 32256K, 0% used [0x00000000f8300000,0x00000000f8300000,0x00000000fa280000)
 ParOldGen       total 108544K, used 44901K [0x00000000e0000000, 0x00000000e6a00000, 0x00000000f5580000)
  object space 108544K, 41% used [0x00000000e0000000,0x00000000e2bd9650,0x00000000e6a00000)
 Metaspace       used 83721K, capacity 90208K, committed 90368K, reserved 1126400K
  class space    used 10687K, capacity 12735K, committed 12800K, reserved 1048576K
Event: 65.198 GC heap after
Heap after GC invocations=22 (full 3):
 PSYoungGen      total 78848K, used 28547K [0x00000000f5580000, 0x00000000fca80000, 0x0000000100000000)
  eden space 46592K, 0% used [0x00000000f5580000,0x00000000f5580000,0x00000000f8300000)
  from space 32256K, 88% used [0x00000000f8300000,0x00000000f9ee0d78,0x00000000fa280000)
  to   space 35328K, 0% used [0x00000000fa800000,0x00000000fa800000,0x00000000fca80000)
 ParOldGen       total 108544K, used 44909K [0x00000000e0000000, 0x00000000e6a00000, 0x00000000f5580000)
  object space 108544K, 41% used [0x00000000e0000000,0x00000000e2bdb650,0x00000000e6a00000)
 Metaspace       used 83721K, capacity 90208K, committed 90368K, reserved 1126400K
  class space    used 10687K, capacity 12735K, committed 12800K, reserved 1048576K
}
Event: 103.788 GC heap before
{Heap before GC invocations=23 (full 3):
 PSYoungGen      total 78848K, used 75139K [0x00000000f5580000, 0x00000000fca80000, 0x0000000100000000)
  eden space 46592K, 100% used [0x00000000f5580000,0x00000000f8300000,0x00000000f8300000)
  from space 32256K, 88% used [0x00000000f8300000,0x00000000f9ee0d78,0x00000000fa280000)
  to   space 35328K, 0% used [0x00000000fa800000,0x00000000fa800000,0x00000000fca80000)
 ParOldGen       total 108544K, used 44909K [0x00000000e0000000, 0x00000000e6a00000, 0x00000000f5580000)
  object space 108544K, 41% used [0x00000000e0000000,0x00000000e2bdb650,0x00000000e6a00000)
 Metaspace       used 85823K, capacity 92766K, committed 93056K, reserved 1128448K
  class space    used 10955K, capacity 13093K, committed 13184K, reserved 1048576K
Event: 103.799 GC heap after
Heap after GC invocations=23 (full 3):
 PSYoungGen      total 82944K, used 25734K [0x00000000f5580000, 0x00000000fcd00000, 0x0000000100000000)
  eden space 47616K, 0% used [0x00000000f5580000,0x00000000f5580000,0x00000000f8400000)
  from space 35328K, 72% used [0x00000000fa800000,0x00000000fc121ae0,0x00000000fca80000)
  to   space 36864K, 0% used [0x00000000f8400000,0x00000000f8400000,0x00000000fa800000)
 ParOldGen       total 108544K, used 44917K [0x00000000e0000000, 0x00000000e6a00000, 0x00000000f5580000)
  object space 108544K, 41% used [0x00000000e0000000,0x00000000e2bdd650,0x00000000e6a00000)
 Metaspace       used 85823K, capacity 92766K, committed 93056K, reserved 1128448K
  class space    used 10955K, capacity 13093K, committed 13184K, reserved 1048576K
}

