# JRE version: Java(TM) SE Runtime Environment (8.0_45-b15) (build 1.8.0_45-b15)
# Java VM: Java HotSpot(TM) 64-Bit Server VM (25.45-b02 mixed mode windows-amd64 compressed oops)
Heap:
 PSYoungGen      total 74240K, used 22689K [0x00000000f5580000, 0x00000000fca00000, 0x0000000100000000)
  eden space 56832K, 9% used [0x00000000f5580000,0x00000000f5abef78,0x00000000f8d00000)
  from space 17408K, 99% used [0x00000000f8e00000,0x00000000f9ee9500,0x00000000f9f00000)
  to   space 31232K, 0% used [0x00000000fab80000,0x00000000fab80000,0x00000000fca00000)
 ParOldGen       total 99840K, used 50106K [0x00000000e0000000, 0x00000000e6180000, 0x00000000f5580000)
  object space 99840K, 50% used [0x00000000e0000000,0x00000000e30eeaa0,0x00000000e6180000)
 Metaspace       used 86163K, capacity 92786K, committed 92928K, reserved 1130496K
  class space    used 10654K, capacity 12743K, committed 12800K, reserved 1048576K
GC Heap History (10 events):
Event: 229.704 GC heap before
{Heap before GC invocations=24 (full 3):
 PSYoungGen      total 90624K, used 82340K [0x00000000f5580000, 0x00000000fd600000, 0x0000000100000000)
  eden space 62976K, 100% used [0x00000000f5580000,0x00000000f9300000,0x00000000f9300000)
  from space 27648K, 70% used [0x00000000fbb00000,0x00000000fcde9050,0x00000000fd600000)
  to   space 34304K, 0% used [0x00000000f9300000,0x00000000f9300000,0x00000000fb480000)
 ParOldGen       total 99840K, used 50066K [0x00000000e0000000, 0x00000000e6180000, 0x00000000f5580000)
  object space 99840K, 50% used [0x00000000e0000000,0x00000000e30e4aa0,0x00000000e6180000)
 Metaspace       used 83632K, capacity 90172K, committed 90496K, reserved 1126400K
  class space    used 10446K, capacity 12566K, committed 12672K, reserved 1048576K
Event: 229.712 GC heap after
Heap after GC invocations=24 (full 3):
 PSYoungGen      total 81408K, used 19843K [0x00000000f5580000, 0x00000000fd380000, 0x0000000100000000)
  eden space 61440K, 0% used [0x00000000f5580000,0x00000000f5580000,0x00000000f9180000)
  from space 19968K, 99% used [0x00000000f9300000,0x00000000fa660f50,0x00000000fa680000)
  to   space 33792K, 0% used [0x00000000fb280000,0x00000000fb280000,0x00000000fd380000)
 ParOldGen       total 99840K, used 50074K [0x00000000e0000000, 0x00000000e6180000, 0x00000000f5580000)
  object space 99840K, 50% used [0x00000000e0000000,0x00000000e30e6aa0,0x00000000e6180000)
 Metaspace       used 83632K, capacity 90172K, committed 90496K, reserved 1126400K
  class space    used 10446K, capacity 12566K, committed 12672K, reserved 1048576K
}
Event: 245.044 GC heap before
{Heap before GC invocations=25 (full 3):
 PSYoungGen      total 81408K, used 81283K [0x00000000f5580000, 0x00000000fd380000, 0x0000000100000000)
  eden space 61440K, 100% used [0x00000000f5580000,0x00000000f9180000,0x00000000f9180000)
  from space 19968K, 99% used [0x00000000f9300000,0x00000000fa660f50,0x00000000fa680000)
  to   space 33792K, 0% used [0x00000000fb280000,0x00000000fb280000,0x00000000fd380000)
 ParOldGen       total 99840K, used 50074K [0x00000000e0000000, 0x00000000e6180000, 0x00000000f5580000)
  object space 99840K, 50% used [0x00000000e0000000,0x00000000e30e6aa0,0x00000000e6180000)
 Metaspace       used 84409K, capacity 91166K, committed 91392K, reserved 1128448K
  class space    used 10509K, capacity 12673K, committed 12800K, reserved 1048576K
Event: 245.052 GC heap after
Heap after GC invocations=25 (full 3):
 PSYoungGen      total 92160K, used 20908K [0x00000000f5580000, 0x00000000fd200000, 0x0000000100000000)
  eden space 59904K, 0% used [0x00000000f5580000,0x00000000f5580000,0x00000000f9000000)
  from space 32256K, 64% used [0x00000000fb280000,0x00000000fc6eb0e8,0x00000000fd200000)
  to   space 33792K, 0% used [0x00000000f9000000,0x00000000f9000000,0x00000000fb100000)
 ParOldGen       total 99840K, used 50082K [0x00000000e0000000, 0x00000000e6180000, 0x00000000f5580000)
  object space 99840K, 50% used [0x00000000e0000000,0x00000000e30e8aa0,0x00000000e6180000)
 Metaspace       used 84409K, capacity 91166K, committed 91392K, reserved 1128448K
  class space    used 10509K, capacity 12673K, committed 12800K, reserved 1048576K
}
Event: 953.380 GC heap before
{Heap before GC invocations=26 (full 3):
 PSYoungGen      total 92160K, used 80812K [0x00000000f5580000, 0x00000000fd200000, 0x0000000100000000)
  eden space 59904K, 100% used [0x00000000f5580000,0x00000000f9000000,0x00000000f9000000)
  from space 32256K, 64% used [0x00000000fb280000,0x00000000fc6eb0e8,0x00000000fd200000)
  to   space 33792K, 0% used [0x00000000f9000000,0x00000000f9000000,0x00000000fb100000)
 ParOldGen       total 99840K, used 50082K [0x00000000e0000000, 0x00000000e6180000, 0x00000000f5580000)
  object space 99840K, 50% used [0x00000000e0000000,0x00000000e30e8aa0,0x00000000e6180000)
 Metaspace       used 85076K, capacity 91966K, committed 92160K, reserved 1128448K
  class space    used 10550K, capacity 12705K, committed 12800K, reserved 1048576K
Event: 953.393 GC heap after
Heap after GC invocations=26 (full 3):
 PSYoungGen      total 80896K, used 21638K [0x00000000f5580000, 0x00000000fd100000, 0x0000000100000000)
  eden space 58880K, 0% used [0x00000000f5580000,0x00000000f5580000,0x00000000f8f00000)
  from space 22016K, 98% used [0x00000000f9000000,0x00000000fa521868,0x00000000fa580000)
  to   space 33792K, 0% used [0x00000000fb000000,0x00000000fb000000,0x00000000fd100000)
 ParOldGen       total 99840K, used 50090K [0x00000000e0000000, 0x00000000e6180000, 0x00000000f5580000)
  object space 99840K, 50% used [0x00000000e0000000,0x00000000e30eaaa0,0x00000000e6180000)
 Metaspace       used 85076K, capacity 91966K, committed 92160K, reserved 1128448K
  class space    used 10550K, capacity 12705K, committed 12800K, reserved 1048576K
}
Event: 1872.439 GC heap before
{Heap before GC invocations=27 (full 3):
 PSYoungGen      total 80896K, used 80518K [0x00000000f5580000, 0x00000000fd100000, 0x0000000100000000)
  eden space 58880K, 100% used [0x00000000f5580000,0x00000000f8f00000,0x00000000f8f00000)
  from space 22016K, 98% used [0x00000000f9000000,0x00000000fa521868,0x00000000fa580000)
  to   space 33792K, 0% used [0x00000000fb000000,0x00000000fb000000,0x00000000fd100000)
 ParOldGen       total 99840K, used 50090K [0x00000000e0000000, 0x00000000e6180000, 0x00000000f5580000)
  object space 99840K, 50% used [0x00000000e0000000,0x00000000e30eaaa0,0x00000000e6180000)
 Metaspace       used 85185K, capacity 92030K, committed 92160K, reserved 1128448K
  class space    used 10552K, capacity 12705K, committed 12800K, reserved 1048576K
Event: 1872.449 GC heap after
Heap after GC invocations=27 (full 3):
 PSYoungGen      total 88576K, used 19074K [0x00000000f5580000, 0x00000000fce00000, 0x0000000100000000)
  eden space 57856K, 0% used [0x00000000f5580000,0x00000000f5580000,0x00000000f8e00000)
  from space 30720K, 62% used [0x00000000fb000000,0x00000000fc2a08f0,0x00000000fce00000)
  to   space 32768K, 0% used [0x00000000f8e00000,0x00000000f8e00000,0x00000000fae00000)
 ParOldGen       total 99840K, used 50098K [0x00000000e0000000, 0x00000000e6180000, 0x00000000f5580000)
  object space 99840K, 50% used [0x00000000e0000000,0x00000000e30ecaa0,0x00000000e6180000)
 Metaspace       used 85185K, capacity 92030K, committed 92160K, reserved 1128448K
  class space    used 10552K, capacity 12705K, committed 12800K, reserved 1048576K
}
Event: 2380.126 GC heap before
{Heap before GC invocations=28 (full 3):
 PSYoungGen      total 88576K, used 76930K [0x00000000f5580000, 0x00000000fce00000, 0x0000000100000000)
  eden space 57856K, 100% used [0x00000000f5580000,0x00000000f8e00000,0x00000000f8e00000)
  from space 30720K, 62% used [0x00000000fb000000,0x00000000fc2a08f0,0x00000000fce00000)
  to   space 32768K, 0% used [0x00000000f8e00000,0x00000000f8e00000,0x00000000fae00000)
 ParOldGen       total 99840K, used 50098K [0x00000000e0000000, 0x00000000e6180000, 0x00000000f5580000)
  object space 99840K, 50% used [0x00000000e0000000,0x00000000e30ecaa0,0x00000000e6180000)
 Metaspace       used 85861K, capacity 92648K, committed 92928K, reserved 1130496K
  class space    used 10623K, capacity 12738K, committed 12800K, reserved 1048576K
Event: 2380.135 GC heap after
Heap after GC invocations=28 (full 3):
 PSYoungGen      total 74240K, used 17317K [0x00000000f5580000, 0x00000000fca00000, 0x0000000100000000)
  eden space 56832K, 0% used [0x00000000f5580000,0x00000000f5580000,0x00000000f8d00000)
  from space 17408K, 99% used [0x00000000f8e00000,0x00000000f9ee9500,0x00000000f9f00000)
  to   space 31232K, 0% used [0x00000000fab80000,0x00000000fab80000,0x00000000fca00000)
 ParOldGen       total 99840K, used 50106K [0x00000000e0000000, 0x00000000e6180000, 0x00000000f5580000)
  object space 99840K, 50% used [0x00000000e0000000,0x00000000e30eeaa0,0x00000000e6180000)
 Metaspace       used 85861K, capacity 92648K, committed 92928K, reserved 1130496K
  class space    used 10623K, capacity 12738K, committed 12800K, reserved 1048576K
}

